[2026-03-01T18:05:40] inicio startup
[2026-03-01T18:05:46] gateway start ok
[2026-03-01T18:05:51] dashboard already running
[2026-03-01T18:05:55] dashboard health=ok
[2026-03-01T18:05:55] fin startup
[2026-03-02T05:35:54] inicio startup
[2026-03-02T05:36:00] gateway start ok
[2026-03-02T05:36:05] dashboard start launched
[2026-03-02T05:36:09] dashboard health=ok
[2026-03-02T05:36:09] fin startup
[2026-03-02T14:42:03] inicio startup
[2026-03-02T14:42:09] gateway start ok
[2026-03-02T14:42:15] dashboard start launched
[2026-03-02T14:42:18] dashboard health=ok
[2026-03-02T14:42:18] fin startup
[2026-03-11T13:11:58] inicio startup
[2026-03-11T13:12:07] gateway start ok
[2026-03-11T13:12:12] dashboard start launched
[2026-03-11T13:12:15] dashboard health=ok
[2026-03-11T13:12:15] fin startup
