[07/03/2026 10:01:43,58] START scheduler job=scripts\run_history_update_and_train_hidden.ps1
^C[07/03/2026 10:03:43,84] LOCK existe. No lanzo job.
[07/03/2026 10:04:11,13] LOCK existe. No lanzo job.
[07/03/2026 10:05:10,49] START scheduler job=scripts\run_history_update_and_train_hidden.ps1
[07/03/2026 12:10:01,94] START scheduler job=scripts\run_history_update_and_train_hidden.ps1
[07/03/2026 18:10:01,54] START scheduler job=scripts\run_history_update_and_train_hidden.ps1
[08/03/2026  0:10:01,63] START scheduler job=scripts\run_history_update_and_train_hidden.ps1
[08/03/2026  6:10:01,62] START scheduler job=scripts\run_history_update_and_train_hidden.ps1
[08/03/2026 12:10:01,57] START scheduler job=scripts\run_history_update_and_train_hidden.ps1
[08/03/2026 18:10:01,62] START scheduler job=scripts\run_history_update_and_train_hidden.ps1
[09/03/2026  0:10:01,59] START scheduler job=scripts\run_history_update_and_train_hidden.ps1
^C[09/03/2026  6:10:01,61] LOCK existe. No lanzo job.
[09/03/2026 12:10:01,59] LOCK existe. No lanzo job.
[09/03/2026 18:10:01,62] LOCK existe. No lanzo job.
[10/03/2026  0:10:01,64] LOCK existe. No lanzo job.
[10/03/2026  6:10:01,59] LOCK existe. No lanzo job.
[10/03/2026 12:10:01,61] LOCK existe. No lanzo job.
[10/03/2026 18:10:01,61] LOCK existe. No lanzo job.
[11/03/2026  0:10:01,65] LOCK existe. No lanzo job.
[11/03/2026  6:10:01,71] LOCK existe. No lanzo job.
[11/03/2026 12:10:01,73] LOCK existe. No lanzo job.
[11/03/2026 18:10:02,06] LOCK existe. No lanzo job.
[12/03/2026  0:10:02,25] LOCK existe. No lanzo job.
[12/03/2026  6:10:02,10] LOCK existe. No lanzo job.
[12/03/2026 12:10:02,12] LOCK existe. No lanzo job.
[12/03/2026 18:10:02,17] LOCK existe. No lanzo job.
[13/03/2026  0:10:02,32] LOCK existe. No lanzo job.
[13/03/2026  6:10:02,48] LOCK existe. No lanzo job.
[13/03/2026 12:10:02,59] LOCK existe. No lanzo job.
