[2026-03-05T08:33:03] START train_lstm_daily
{"ok": true, "model": "C:\\Users\\Fernando\\.openclaw\\workspace\\proyectos\\analisis-mercados\\models\\lstm_BTCUSDT.pt", "val_mse": 0.00160978}
[2026-03-05T08:33:11] EXITCODE=0
[2026-03-05T17:12:02] START train_lstm_daily
{"started_at": "2026-03-05T16:12:02.827555+00:00", "symbols": {"BTCUSDT": {"rows_written": 0, "file": "C:\\Users\\Fernando\\.openclaw\\workspace\\proyectos\\analisis-mercados\\data\\history\\BTCUSDT_15m.csv", "last_open_time": "2026-03-05T16:00:00.001000+00:00"}, "SOLUSDT": {"rows_written": 0, "file": "C:\\Users\\Fernando\\.openclaw\\workspace\\proyectos\\analisis-mercados\\data\\history\\SOLUSDT_15m.csv", "last_open_time": "2026-03-05T16:00:00.001000+00:00"}}, "finished_at": "2026-03-05T16:12:03.447266+00:00"}
[2026-03-05T17:12:03] HISTORY_EXITCODE=0
{"ok": true, "model": "C:\\Users\\Fernando\\.openclaw\\workspace\\proyectos\\analisis-mercados\\models\\lstm_BTCUSDT.pt", "val_mse": 0.0006312}
[2026-03-05T17:12:07] BTC_EXITCODE=0
{"ok": true, "model": "C:\\Users\\Fernando\\.openclaw\\workspace\\proyectos\\analisis-mercados\\models\\lstm_SOLUSDT.pt", "val_mse": 0.00022414}
[2026-03-05T17:12:12] SOL_EXITCODE=0
{"as_of": "2026-03-05T16:12:12Z", "trades_7d": 99, "wins_7d": 63, "losses_7d": 22, "win_rate": 63.64, "expectancy_usd": 0.1834, "profit_factor": 8.022, "pnl_7d_usd": 18.1523, "max_drawdown_usd": 1.5928, "semaforo": "VERDE", "reason": "Edge consistente en ventana reciente", "by_ticker": {"SOL": {"count": 15, "pnl": 3.0566390000000006}, "LTC": {"count": 2, "pnl": 1.40325}, "AVAX": {"count": 3, "pnl": 1.973151}, "ETH": {"count": 13, "pnl": 3.3904069999999997}, "SUI": {"count": 5, "pnl": 2.314531}, "INJ": {"count": 1, "pnl": 0.363036}, "BTC": {"count": 16, "pnl": 1.9249849999999997}, "LINK": {"count": 1, "pnl": 0.403587}, "GALA": {"count": 1, "pnl": -0.062992}, "BNB": {"count": 9, "pnl": 0.32594999999999996}, "BCH": {"count": 1, "pnl": 0.276452}, "ARB": {"count": 2, "pnl": 0.506351}, "OP": {"count": 6, "pnl": -0.06364000000000006}, "FIL": {"count": 2, "pnl": 0.386639}, "APT": {"count": 2, "pnl": 0.35539}, "UNI": {"count": 2, "pnl": 0.532995}, "DOT": {"count": 1, "pnl": 0.592105}, "ICP": {"count": 3, "pnl": -0.11811}, "AAVE": {"count": 5, "pnl": 0.24105900000000005}, "WLD": {"count": 1, "pnl": -0.019481}, "USDC": {"count": 3, "pnl": 0.0006000000000000002}, "DOGE": {"count": 3, "pnl": 0.369406}, "XRP": {"count": 2, "pnl": 0.0}}}
[2026-03-05T17:12:12] LEARNING_EXITCODE=0
[2026-03-05T17:48:48] START train_lstm_daily
{"started_at": "2026-03-05T16:48:48.727627+00:00", "symbols": {"BTCUSDT": {"rows_written": 3, "file": "C:\\Users\\Fernando\\.openclaw\\workspace\\proyectos\\analisis-mercados\\data\\history\\BTCUSDT_15m.csv", "last_open_time": "2026-03-05T16:45:00.001000+00:00"}, "SOLUSDT": {"rows_written": 3, "file": "C:\\Users\\Fernando\\.openclaw\\workspace\\proyectos\\analisis-mercados\\data\\history\\SOLUSDT_15m.csv", "last_open_time": "2026-03-05T16:45:00.001000+00:00"}}, "finished_at": "2026-03-05T16:48:50.459549+00:00"}
[2026-03-05T17:48:50] HISTORY_EXITCODE=0
{"ok": true, "model": "C:\\Users\\Fernando\\.openclaw\\workspace\\proyectos\\analisis-mercados\\models\\lstm_BTCUSDT.pt", "val_mse": 0.00204703}
[2026-03-05T17:48:54] BTC_EXITCODE=0
{"ok": true, "model": "C:\\Users\\Fernando\\.openclaw\\workspace\\proyectos\\analisis-mercados\\models\\lstm_SOLUSDT.pt", "val_mse": 0.00087553}
[2026-03-05T17:48:58] SOL_EXITCODE=0
{"as_of": "2026-03-05T16:48:58.929105+00:00", "source": "C:\\Users\\Fernando\\.openclaw\\workspace\\proyectos\\analisis-mercados\\data\\crypto_orders_sim.json", "rows_raw": 99, "rows_clean": 0, "duplicates_removed": 0, "rows_dropped_nulls": 99, "output": "C:\\Users\\Fernando\\.openclaw\\workspace\\proyectos\\analisis-mercados\\data\\trades_clean.csv"}
[2026-03-05T17:48:58] DATASET_QUALITY_EXITCODE=0
{"ok": true, "rows": 10, "report": "C:\\Users\\Fernando\\.openclaw\\workspace\\proyectos\\analisis-mercados\\reports\\walkforward_report.md"}
[2026-03-05T17:48:59] WALKFORWARD_EXITCODE=0
{"ok": true, "registry": "C:\\Users\\Fernando\\.openclaw\\workspace\\proyectos\\analisis-mercados\\models\\registry.json"}
[2026-03-05T17:48:59] REGISTRY_EXITCODE=0
{"as_of": "2026-03-05T16:48:59Z", "trades_7d": 99, "wins_7d": 63, "losses_7d": 22, "win_rate": 63.64, "expectancy_usd": 0.1834, "profit_factor": 8.022, "pnl_7d_usd": 18.1523, "max_drawdown_usd": 1.5928, "semaforo": "VERDE", "reason": "Edge consistente en ventana reciente", "by_ticker": {"SOL": {"count": 15, "pnl": 3.0566390000000006}, "LTC": {"count": 2, "pnl": 1.40325}, "AVAX": {"count": 3, "pnl": 1.973151}, "ETH": {"count": 13, "pnl": 3.3904069999999997}, "SUI": {"count": 5, "pnl": 2.314531}, "INJ": {"count": 1, "pnl": 0.363036}, "BTC": {"count": 16, "pnl": 1.9249849999999997}, "LINK": {"count": 1, "pnl": 0.403587}, "GALA": {"count": 1, "pnl": -0.062992}, "BNB": {"count": 9, "pnl": 0.32594999999999996}, "BCH": {"count": 1, "pnl": 0.276452}, "ARB": {"count": 2, "pnl": 0.506351}, "OP": {"count": 6, "pnl": -0.06364000000000006}, "FIL": {"count": 2, "pnl": 0.386639}, "APT": {"count": 2, "pnl": 0.35539}, "UNI": {"count": 2, "pnl": 0.532995}, "DOT": {"count": 1, "pnl": 0.592105}, "ICP": {"count": 3, "pnl": -0.11811}, "AAVE": {"count": 5, "pnl": 0.24105900000000005}, "WLD": {"count": 1, "pnl": -0.019481}, "USDC": {"count": 3, "pnl": 0.0006000000000000002}, "DOGE": {"count": 3, "pnl": 0.369406}, "XRP": {"count": 2, "pnl": 0.0}}}
[2026-03-05T17:48:59] LEARNING_EXITCODE=0
[2026-03-05T23:40:00] START train_lstm_daily
{"as_of": "2026-03-05T22:40:00.807807+00:00", "ok": true, "sources": [{"symbol": "BTCUSDT", "url": "https://www.cryptodatadownload.com/cdd/Binance_BTCUSDT_d.csv", "rows": 3120, "file": "C:\\Users\\Fernando\\.openclaw\\workspace\\proyectos\\analisis-mercados\\data\\history\\public_ohlcv\\BTCUSDT_d.csv", "ok": true}, {"symbol": "SOLUSDT", "url": "https://www.cryptodatadownload.com/cdd/Binance_SOLUSDT_d.csv", "rows": 2030, "file": "C:\\Users\\Fernando\\.openclaw\\workspace\\proyectos\\analisis-mercados\\data\\history\\public_ohlcv\\SOLUSDT_d.csv", "ok": true}, {"symbol": "ETHUSDT", "url": "https://www.cryptodatadownload.com/cdd/Binance_ETHUSDT_d.csv", "rows": 3120, "file": "C:\\Users\\Fernando\\.openclaw\\workspace\\proyectos\\analisis-mercados\\data\\history\\public_ohlcv\\ETHUSDT_d.csv", "ok": true}]}
[2026-03-05T23:40:03] PUBLIC_OHLCV_EXITCODE=0
{"started_at": "2026-03-05T22:40:03.522344+00:00", "symbols": {"BTCUSDT": {"rows_written": 23, "file": "C:\\Users\\Fernando\\.openclaw\\workspace\\proyectos\\analisis-mercados\\data\\history\\BTCUSDT_15m.csv", "last_open_time": "2026-03-05T22:30:00.001000+00:00"}, "SOLUSDT": {"rows_written": 23, "file": "C:\\Users\\Fernando\\.openclaw\\workspace\\proyectos\\analisis-mercados\\data\\history\\SOLUSDT_15m.csv", "last_open_time": "2026-03-05T22:30:00.001000+00:00"}}, "finished_at": "2026-03-05T22:40:05.216876+00:00"}
[2026-03-05T23:40:05] HISTORY_EXITCODE=0
{"ok": true, "model": "C:\\Users\\Fernando\\.openclaw\\workspace\\proyectos\\analisis-mercados\\models\\lstm_BTCUSDT.pt", "val_mse": 0.00019168}
[2026-03-05T23:40:21] BTC_EXITCODE=0
{"ok": true, "model": "C:\\Users\\Fernando\\.openclaw\\workspace\\proyectos\\analisis-mercados\\models\\lstm_SOLUSDT.pt", "val_mse": 8.502e-05}
[2026-03-05T23:40:34] SOL_EXITCODE=0
{"as_of": "2026-03-05T22:40:34.572125+00:00", "source": "C:\\Users\\Fernando\\.openclaw\\workspace\\proyectos\\analisis-mercados\\data\\crypto_orders_sim.json", "rows_raw": 124, "rows_clean": 0, "duplicates_removed": 0, "rows_dropped_nulls": 124, "output": "C:\\Users\\Fernando\\.openclaw\\workspace\\proyectos\\analisis-mercados\\data\\trades_clean.csv"}
[2026-03-05T23:40:34] DATASET_QUALITY_EXITCODE=0
{"ok": true, "rows": 10, "report": "C:\\Users\\Fernando\\.openclaw\\workspace\\proyectos\\analisis-mercados\\reports\\walkforward_report.md"}
[2026-03-05T23:40:34] WALKFORWARD_EXITCODE=0
{"ok": true, "registry": "C:\\Users\\Fernando\\.openclaw\\workspace\\proyectos\\analisis-mercados\\models\\registry.json"}
[2026-03-05T23:40:34] REGISTRY_EXITCODE=0
{"as_of": "2026-03-05T22:40:34Z", "trades_7d": 124, "wins_7d": 75, "losses_7d": 35, "win_rate": 60.48, "expectancy_usd": 0.1523, "profit_factor": 6.334, "pnl_7d_usd": 18.8826, "max_drawdown_usd": 1.5928, "semaforo": "VERDE", "reason": "Edge consistente en ventana reciente", "by_ticker": {"SOL": {"count": 15, "pnl": 3.0566390000000006}, "LTC": {"count": 2, "pnl": 1.40325}, "AVAX": {"count": 3, "pnl": 1.973151}, "ETH": {"count": 13, "pnl": 3.3904069999999997}, "SUI": {"count": 9, "pnl": 2.9170130000000007}, "INJ": {"count": 1, "pnl": 0.363036}, "BTC": {"count": 19, "pnl": 1.7213969999999996}, "LINK": {"count": 3, "pnl": 0.40372699999999995}, "GALA": {"count": 1, "pnl": -0.062992}, "BNB": {"count": 9, "pnl": 0.32594999999999996}, "BCH": {"count": 1, "pnl": 0.276452}, "ARB": {"count": 3, "pnl": 0.438668}, "OP": {"count": 9, "pnl": -0.014199000000000052}, "FIL": {"count": 2, "pnl": 0.386639}, "APT": {"count": 2, "pnl": 0.35539}, "UNI": {"count": 2, "pnl": 0.532995}, "DOT": {"count": 1, "pnl": 0.592105}, "ICP": {"count": 3, "pnl": -0.11811}, "AAVE": {"count": 15, "pnl": 0.5957600000000001}, "WLD": {"count": 1, "pnl": -0.019481}, "USDC": {"count": 5, "pnl": -0.00459}, "DOGE": {"count": 3, "pnl": 0.369406}, "XRP": {"count": 2, "pnl": 0.0}}}
[2026-03-05T23:40:35] LEARNING_EXITCODE=0
[2026-03-06T23:40:01] START train_lstm_daily
{"as_of": "2026-03-06T22:40:02.117276+00:00", "ok": true, "sources": [{"symbol": "BTCUSDT", "url": "https://www.cryptodatadownload.com/cdd/Binance_BTCUSDT_d.csv", "rows": 3121, "file": "C:\\Users\\Fernando\\.openclaw\\workspace\\proyectos\\analisis-mercados\\data\\history\\public_ohlcv\\BTCUSDT_d.csv", "ok": true}, {"symbol": "SOLUSDT", "url": "https://www.cryptodatadownload.com/cdd/Binance_SOLUSDT_d.csv", "rows": 2031, "file": "C:\\Users\\Fernando\\.openclaw\\workspace\\proyectos\\analisis-mercados\\data\\history\\public_ohlcv\\SOLUSDT_d.csv", "ok": true}, {"symbol": "ETHUSDT", "url": "https://www.cryptodatadownload.com/cdd/Binance_ETHUSDT_d.csv", "rows": 3121, "file": "C:\\Users\\Fernando\\.openclaw\\workspace\\proyectos\\analisis-mercados\\data\\history\\public_ohlcv\\ETHUSDT_d.csv", "ok": true}]}
[2026-03-06T23:40:04] PUBLIC_OHLCV_EXITCODE=0
{"started_at": "2026-03-06T22:40:04.821464+00:00", "symbols": {"BTCUSDT": {"rows_written": 96, "file": "C:\\Users\\Fernando\\.openclaw\\workspace\\proyectos\\analisis-mercados\\data\\history\\BTCUSDT_15m.csv", "last_open_time": "2026-03-06T22:30:00.001000+00:00"}, "SOLUSDT": {"rows_written": 96, "file": "C:\\Users\\Fernando\\.openclaw\\workspace\\proyectos\\analisis-mercados\\data\\history\\SOLUSDT_15m.csv", "last_open_time": "2026-03-06T22:30:00.001000+00:00"}}, "finished_at": "2026-03-06T22:40:06.537759+00:00"}
[2026-03-06T23:40:06] HISTORY_EXITCODE=0
{"ok": true, "model": "C:\\Users\\Fernando\\.openclaw\\workspace\\proyectos\\analisis-mercados\\models\\lstm_BTCUSDT.pt", "val_mse": 0.00276778}
[2026-03-06T23:40:22] BTC_EXITCODE=0
{"ok": true, "model": "C:\\Users\\Fernando\\.openclaw\\workspace\\proyectos\\analisis-mercados\\models\\lstm_SOLUSDT.pt", "val_mse": 0.00402735}
[2026-03-06T23:40:35] SOL_EXITCODE=0
{"as_of": "2026-03-06T22:40:35.566339+00:00", "source": "C:\\Users\\Fernando\\.openclaw\\workspace\\proyectos\\analisis-mercados\\data\\crypto_orders_sim.json", "rows_raw": 178, "rows_clean": 0, "duplicates_removed": 0, "rows_dropped_nulls": 178, "output": "C:\\Users\\Fernando\\.openclaw\\workspace\\proyectos\\analisis-mercados\\data\\trades_clean.csv"}
[2026-03-06T23:40:35] DATASET_QUALITY_EXITCODE=0
{"ok": true, "rows": 10, "report": "C:\\Users\\Fernando\\.openclaw\\workspace\\proyectos\\analisis-mercados\\reports\\walkforward_report.md"}
[2026-03-06T23:40:35] WALKFORWARD_EXITCODE=0
{"ok": true, "registry": "C:\\Users\\Fernando\\.openclaw\\workspace\\proyectos\\analisis-mercados\\models\\registry.json"}
[2026-03-06T23:40:36] REGISTRY_EXITCODE=0
{"as_of": "2026-03-06T22:40:36Z", "trades_7d": 178, "wins_7d": 91, "losses_7d": 52, "win_rate": 51.12, "expectancy_usd": 0.1726, "profit_factor": 6.925, "pnl_7d_usd": 30.7184, "max_drawdown_usd": 1.5928, "semaforo": "VERDE", "reason": "Edge consistente en ventana reciente", "by_ticker": {"SOL": {"count": 16, "pnl": 2.8681080000000003}, "LTC": {"count": 2, "pnl": 1.40325}, "AVAX": {"count": 3, "pnl": 1.973151}, "ETH": {"count": 14, "pnl": 3.3177039999999995}, "SUI": {"count": 10, "pnl": 2.8483740000000006}, "INJ": {"count": 1, "pnl": 0.363036}, "BTC": {"count": 20, "pnl": 1.7066779999999997}, "LINK": {"count": 5, "pnl": 0.3390369999999999}, "GALA": {"count": 1, "pnl": -0.062992}, "BNB": {"count": 9, "pnl": 0.32594999999999996}, "BCH": {"count": 1, "pnl": 0.276452}, "ARB": {"count": 3, "pnl": 0.438668}, "OP": {"count": 12, "pnl": 0.04414899999999995}, "FIL": {"count": 2, "pnl": 0.386639}, "APT": {"count": 2, "pnl": 0.35539}, "UNI": {"count": 2, "pnl": 0.532995}, "DOT": {"count": 1, "pnl": 0.592105}, "ICP": {"count": 3, "pnl": -0.11811}, "AAVE": {"count": 17, "pnl": 0.605931}, "WLD": {"count": 1, "pnl": -0.019481}, "USDC": {"count": 13, "pnl": -0.0035100000000000005}, "DOGE": {"count": 5, "pnl": 0.40266599999999997}, "XRP": {"count": 2, "pnl": 0.0}, "NEAR": {"count": 30, "pnl": 0.015219000000000038}, "PEPE": {"count": 3, "pnl": 12.126985000000001}}}
[2026-03-06T23:40:36] LEARNING_EXITCODE=0
[2026-03-07T23:40:01] START train_lstm_daily
{"as_of": "2026-03-07T22:40:02.227466+00:00", "ok": true, "sources": [{"symbol": "BTCUSDT", "url": "https://www.cryptodatadownload.com/cdd/Binance_BTCUSDT_d.csv", "rows": 3122, "file": "C:\\Users\\Fernando\\.openclaw\\workspace\\proyectos\\analisis-mercados\\data\\history\\public_ohlcv\\BTCUSDT_d.csv", "ok": true}, {"symbol": "SOLUSDT", "url": "https://www.cryptodatadownload.com/cdd/Binance_SOLUSDT_d.csv", "rows": 2032, "file": "C:\\Users\\Fernando\\.openclaw\\workspace\\proyectos\\analisis-mercados\\data\\history\\public_ohlcv\\SOLUSDT_d.csv", "ok": true}, {"symbol": "ETHUSDT", "url": "https://www.cryptodatadownload.com/cdd/Binance_ETHUSDT_d.csv", "rows": 3122, "file": "C:\\Users\\Fernando\\.openclaw\\workspace\\proyectos\\analisis-mercados\\data\\history\\public_ohlcv\\ETHUSDT_d.csv", "ok": true}]}
[2026-03-07T23:40:04] PUBLIC_OHLCV_EXITCODE=0
{"started_at": "2026-03-07T22:40:04.892790+00:00", "symbols": {"BTCUSDT": {"rows_written": 96, "file": "C:\\Users\\Fernando\\.openclaw\\workspace\\proyectos\\analisis-mercados\\data\\history\\BTCUSDT_15m.csv", "last_open_time": "2026-03-07T22:30:00.001000+00:00"}, "SOLUSDT": {"rows_written": 96, "file": "C:\\Users\\Fernando\\.openclaw\\workspace\\proyectos\\analisis-mercados\\data\\history\\SOLUSDT_15m.csv", "last_open_time": "2026-03-07T22:30:00.001000+00:00"}}, "finished_at": "2026-03-07T22:40:06.624670+00:00"}
[2026-03-07T23:40:06] HISTORY_EXITCODE=0
{"ok": true, "model": "C:\\Users\\Fernando\\.openclaw\\workspace\\proyectos\\analisis-mercados\\models\\lstm_BTCUSDT.pt", "val_mse": 1.609e-05}
[2026-03-07T23:40:20] BTC_EXITCODE=0
{"ok": true, "model": "C:\\Users\\Fernando\\.openclaw\\workspace\\proyectos\\analisis-mercados\\models\\lstm_SOLUSDT.pt", "val_mse": 0.00059685}
[2026-03-07T23:40:32] SOL_EXITCODE=0
{"as_of": "2026-03-07T22:40:32.929912+00:00", "source": "C:\\Users\\Fernando\\.openclaw\\workspace\\proyectos\\analisis-mercados\\data\\crypto_orders_sim.json", "rows_raw": 257, "rows_clean": 0, "duplicates_removed": 0, "rows_dropped_nulls": 257, "output": "C:\\Users\\Fernando\\.openclaw\\workspace\\proyectos\\analisis-mercados\\data\\trades_clean.csv"}
[2026-03-07T23:40:32] DATASET_QUALITY_EXITCODE=0
{"ok": true, "rows": 10, "report": "C:\\Users\\Fernando\\.openclaw\\workspace\\proyectos\\analisis-mercados\\reports\\walkforward_report.md"}
[2026-03-07T23:40:33] WALKFORWARD_EXITCODE=0
{"ok": true, "registry": "C:\\Users\\Fernando\\.openclaw\\workspace\\proyectos\\analisis-mercados\\models\\registry.json"}
[2026-03-07T23:40:33] REGISTRY_EXITCODE=0
{"as_of": "2026-03-07T22:40:33Z", "trades_7d": 257, "wins_7d": 139, "losses_7d": 77, "win_rate": 54.09, "expectancy_usd": 0.4835, "profit_factor": 18.049, "pnl_7d_usd": 124.2719, "max_drawdown_usd": 1.5928, "semaforo": "VERDE", "reason": "Edge consistente en ventana reciente", "by_ticker": {"SOL": {"count": 20, "pnl": 2.8931590000000003}, "LTC": {"count": 7, "pnl": 1.420002}, "AVAX": {"count": 5, "pnl": 1.9065949999999998}, "ETH": {"count": 22, "pnl": 3.245817999999999}, "SUI": {"count": 16, "pnl": 2.6948880000000006}, "INJ": {"count": 1, "pnl": 0.363036}, "BTC": {"count": 20, "pnl": 1.7066779999999997}, "LINK": {"count": 8, "pnl": 0.30498499999999995}, "GALA": {"count": 1, "pnl": -0.062992}, "BNB": {"count": 9, "pnl": 0.32594999999999996}, "BCH": {"count": 1, "pnl": 0.276452}, "ARB": {"count": 3, "pnl": 0.438668}, "OP": {"count": 12, "pnl": 0.04414899999999995}, "FIL": {"count": 2, "pnl": 0.386639}, "APT": {"count": 2, "pnl": 0.35539}, "UNI": {"count": 2, "pnl": 0.532995}, "DOT": {"count": 1, "pnl": 0.592105}, "ICP": {"count": 3, "pnl": -0.11811}, "AAVE": {"count": 17, "pnl": 0.605931}, "WLD": {"count": 1, "pnl": -0.019481}, "USDC": {"count": 15, "pnl": -0.0041400000000000005}, "DOGE": {"count": 13, "pnl": 0.553537}, "XRP": {"count": 5, "pnl": 0.0}, "NEAR": {"count": 30, "pnl": 0.015219000000000038}, "PEPE": {"count": 31, "pnl": 106.790916}, "FLOW": {"count": 10, "pnl": -0.9764759999999999}}}
[2026-03-07T23:40:33] LEARNING_EXITCODE=0
[2026-03-08T23:40:01] START train_lstm_daily
{"as_of": "2026-03-08T22:40:02.236017+00:00", "ok": true, "sources": [{"symbol": "BTCUSDT", "url": "https://www.cryptodatadownload.com/cdd/Binance_BTCUSDT_d.csv", "rows": 3123, "file": "C:\\Users\\Fernando\\.openclaw\\workspace\\proyectos\\analisis-mercados\\data\\history\\public_ohlcv\\BTCUSDT_d.csv", "ok": true}, {"symbol": "SOLUSDT", "url": "https://www.cryptodatadownload.com/cdd/Binance_SOLUSDT_d.csv", "rows": 2033, "file": "C:\\Users\\Fernando\\.openclaw\\workspace\\proyectos\\analisis-mercados\\data\\history\\public_ohlcv\\SOLUSDT_d.csv", "ok": true}, {"symbol": "ETHUSDT", "url": "https://www.cryptodatadownload.com/cdd/Binance_ETHUSDT_d.csv", "rows": 3123, "file": "C:\\Users\\Fernando\\.openclaw\\workspace\\proyectos\\analisis-mercados\\data\\history\\public_ohlcv\\ETHUSDT_d.csv", "ok": true}]}
[2026-03-08T23:40:04] PUBLIC_OHLCV_EXITCODE=0
{"started_at": "2026-03-08T22:40:04.891597+00:00", "symbols": {"BTCUSDT": {"rows_written": 96, "file": "C:\\Users\\Fernando\\.openclaw\\workspace\\proyectos\\analisis-mercados\\data\\history\\BTCUSDT_15m.csv", "last_open_time": "2026-03-08T22:30:00.001000+00:00"}, "SOLUSDT": {"rows_written": 96, "file": "C:\\Users\\Fernando\\.openclaw\\workspace\\proyectos\\analisis-mercados\\data\\history\\SOLUSDT_15m.csv", "last_open_time": "2026-03-08T22:30:00.001000+00:00"}}, "finished_at": "2026-03-08T22:40:06.601423+00:00"}
[2026-03-08T23:40:06] HISTORY_EXITCODE=0
{"ok": true, "model": "C:\\Users\\Fernando\\.openclaw\\workspace\\proyectos\\analisis-mercados\\models\\lstm_BTCUSDT.pt", "val_mse": 0.00524849}
[2026-03-08T23:40:23] BTC_EXITCODE=0
{"ok": true, "model": "C:\\Users\\Fernando\\.openclaw\\workspace\\proyectos\\analisis-mercados\\models\\lstm_SOLUSDT.pt", "val_mse": 0.00013053}
[2026-03-08T23:40:38] SOL_EXITCODE=0
{"as_of": "2026-03-08T22:40:38.603714+00:00", "source": "C:\\Users\\Fernando\\.openclaw\\workspace\\proyectos\\analisis-mercados\\data\\crypto_orders_sim.json", "rows_raw": 278, "rows_clean": 0, "duplicates_removed": 0, "rows_dropped_nulls": 278, "output": "C:\\Users\\Fernando\\.openclaw\\workspace\\proyectos\\analisis-mercados\\data\\trades_clean.csv"}
[2026-03-08T23:40:38] DATASET_QUALITY_EXITCODE=0
{"ok": true, "rows": 10, "report": "C:\\Users\\Fernando\\.openclaw\\workspace\\proyectos\\analisis-mercados\\reports\\walkforward_report.md"}
[2026-03-08T23:40:38] WALKFORWARD_EXITCODE=0
{"ok": true, "registry": "C:\\Users\\Fernando\\.openclaw\\workspace\\proyectos\\analisis-mercados\\models\\registry.json"}
[2026-03-08T23:40:39] REGISTRY_EXITCODE=0
{"as_of": "2026-03-08T22:40:39Z", "trades_7d": 278, "wins_7d": 146, "losses_7d": 91, "win_rate": 52.52, "expectancy_usd": 0.4432, "profit_factor": 13.942, "pnl_7d_usd": 123.1961, "max_drawdown_usd": 1.6529, "semaforo": "VERDE", "reason": "Edge consistente en ventana reciente", "by_ticker": {"SOL": {"count": 20, "pnl": 2.8931590000000003}, "LTC": {"count": 7, "pnl": 1.420002}, "AVAX": {"count": 5, "pnl": 1.9065949999999998}, "ETH": {"count": 22, "pnl": 3.245817999999999}, "SUI": {"count": 16, "pnl": 2.6948880000000006}, "INJ": {"count": 1, "pnl": 0.363036}, "BTC": {"count": 20, "pnl": 1.7066779999999997}, "LINK": {"count": 8, "pnl": 0.30498499999999995}, "GALA": {"count": 1, "pnl": -0.062992}, "BNB": {"count": 9, "pnl": 0.32594999999999996}, "BCH": {"count": 1, "pnl": 0.276452}, "ARB": {"count": 3, "pnl": 0.438668}, "OP": {"count": 12, "pnl": 0.04414899999999995}, "FIL": {"count": 2, "pnl": 0.386639}, "APT": {"count": 2, "pnl": 0.35539}, "UNI": {"count": 2, "pnl": 0.532995}, "DOT": {"count": 1, "pnl": 0.592105}, "ICP": {"count": 3, "pnl": -0.11811}, "AAVE": {"count": 17, "pnl": 0.605931}, "WLD": {"count": 1, "pnl": -0.019481}, "USDC": {"count": 15, "pnl": -0.0041400000000000005}, "DOGE": {"count": 13, "pnl": 0.553537}, "XRP": {"count": 5, "pnl": 0.0}, "NEAR": {"count": 31, "pnl": -0.23068299999999997}, "PEPE": {"count": 31, "pnl": 106.790916}, "FLOW": {"count": 30, "pnl": -1.8063769999999995}}}
[2026-03-08T23:40:39] LEARNING_EXITCODE=0
[2026-03-09T23:40:01] START train_lstm_daily
{"as_of": "2026-03-09T22:40:02.178272+00:00", "ok": true, "sources": [{"symbol": "BTCUSDT", "url": "https://www.cryptodatadownload.com/cdd/Binance_BTCUSDT_d.csv", "rows": 3124, "file": "C:\\Users\\Fernando\\.openclaw\\workspace\\proyectos\\analisis-mercados\\data\\history\\public_ohlcv\\BTCUSDT_d.csv", "ok": true}, {"symbol": "SOLUSDT", "url": "https://www.cryptodatadownload.com/cdd/Binance_SOLUSDT_d.csv", "rows": 2034, "file": "C:\\Users\\Fernando\\.openclaw\\workspace\\proyectos\\analisis-mercados\\data\\history\\public_ohlcv\\SOLUSDT_d.csv", "ok": true}, {"symbol": "ETHUSDT", "url": "https://www.cryptodatadownload.com/cdd/Binance_ETHUSDT_d.csv", "rows": 3124, "file": "C:\\Users\\Fernando\\.openclaw\\workspace\\proyectos\\analisis-mercados\\data\\history\\public_ohlcv\\ETHUSDT_d.csv", "ok": true}]}
[2026-03-09T23:40:04] PUBLIC_OHLCV_EXITCODE=0
{"started_at": "2026-03-09T22:40:05.034363+00:00", "symbols": {"BTCUSDT": {"rows_written": 96, "file": "C:\\Users\\Fernando\\.openclaw\\workspace\\proyectos\\analisis-mercados\\data\\history\\BTCUSDT_15m.csv", "last_open_time": "2026-03-09T22:30:00.001000+00:00"}, "SOLUSDT": {"rows_written": 96, "file": "C:\\Users\\Fernando\\.openclaw\\workspace\\proyectos\\analisis-mercados\\data\\history\\SOLUSDT_15m.csv", "last_open_time": "2026-03-09T22:30:00.001000+00:00"}}, "finished_at": "2026-03-09T22:40:06.953347+00:00"}
[2026-03-09T23:40:06] HISTORY_EXITCODE=0
{"ok": true, "model": "C:\\Users\\Fernando\\.openclaw\\workspace\\proyectos\\analisis-mercados\\models\\lstm_BTCUSDT.pt", "val_mse": 0.00035999}
[2026-03-09T23:40:24] BTC_EXITCODE=0
{"ok": true, "model": "C:\\Users\\Fernando\\.openclaw\\workspace\\proyectos\\analisis-mercados\\models\\lstm_SOLUSDT.pt", "val_mse": 0.00033228}
[2026-03-09T23:40:38] SOL_EXITCODE=0
{"as_of": "2026-03-09T22:40:38.268897+00:00", "source": "C:\\Users\\Fernando\\.openclaw\\workspace\\proyectos\\analisis-mercados\\data\\crypto_orders_sim.json", "rows_raw": 405, "rows_clean": 0, "duplicates_removed": 0, "rows_dropped_nulls": 405, "output": "C:\\Users\\Fernando\\.openclaw\\workspace\\proyectos\\analisis-mercados\\data\\trades_clean.csv"}
[2026-03-09T23:40:38] DATASET_QUALITY_EXITCODE=0
{"ok": true, "rows": 10, "report": "C:\\Users\\Fernando\\.openclaw\\workspace\\proyectos\\analisis-mercados\\reports\\walkforward_report.md"}
[2026-03-09T23:40:38] WALKFORWARD_EXITCODE=0
{"ok": true, "registry": "C:\\Users\\Fernando\\.openclaw\\workspace\\proyectos\\analisis-mercados\\models\\registry.json"}
[2026-03-09T23:40:38] REGISTRY_EXITCODE=0
{"as_of": "2026-03-09T22:40:39Z", "trades_7d": 405, "wins_7d": 240, "losses_7d": 113, "win_rate": 59.26, "expectancy_usd": 0.6918, "profit_factor": 24.199, "pnl_7d_usd": 280.1742, "max_drawdown_usd": 1.6529, "semaforo": "VERDE", "reason": "Edge consistente en ventana reciente", "by_ticker": {"SOL": {"count": 20, "pnl": 2.8931590000000003}, "LTC": {"count": 7, "pnl": 1.420002}, "AVAX": {"count": 5, "pnl": 1.9065949999999998}, "ETH": {"count": 35, "pnl": 3.7355859999999983}, "SUI": {"count": 18, "pnl": 2.763891000000001}, "INJ": {"count": 1, "pnl": 0.363036}, "BTC": {"count": 20, "pnl": 1.7066779999999997}, "LINK": {"count": 8, "pnl": 0.30498499999999995}, "GALA": {"count": 1, "pnl": -0.062992}, "BNB": {"count": 9, "pnl": 0.32594999999999996}, "BCH": {"count": 1, "pnl": 0.276452}, "ARB": {"count": 3, "pnl": 0.438668}, "OP": {"count": 12, "pnl": 0.04414899999999995}, "FIL": {"count": 2, "pnl": 0.386639}, "APT": {"count": 2, "pnl": 0.35539}, "UNI": {"count": 2, "pnl": 0.532995}, "DOT": {"count": 1, "pnl": 0.592105}, "ICP": {"count": 3, "pnl": -0.11811}, "AAVE": {"count": 22, "pnl": 0.7474630000000001}, "WLD": {"count": 1, "pnl": -0.019481}, "USDC": {"count": 16, "pnl": -0.004200000000000001}, "DOGE": {"count": 17, "pnl": 0.6363309999999999}, "XRP": {"count": 5, "pnl": 0.0}, "NEAR": {"count": 49, "pnl": -0.464811}, "PEPE": {"count": 97, "pnl": 260.34772500000025}, "FLOW": {"count": 43, "pnl": 0.9875580000000006}, "TRX": {"count": 5, "pnl": 0.07843900000000001}}}
[2026-03-09T23:40:39] LEARNING_EXITCODE=0
[2026-03-10T23:40:01] START train_lstm_daily
{"as_of": "2026-03-10T22:40:02.164609+00:00", "ok": true, "sources": [{"symbol": "BTCUSDT", "url": "https://www.cryptodatadownload.com/cdd/Binance_BTCUSDT_d.csv", "rows": 3125, "file": "C:\\Users\\Fernando\\.openclaw\\workspace\\proyectos\\analisis-mercados\\data\\history\\public_ohlcv\\BTCUSDT_d.csv", "ok": true}, {"symbol": "SOLUSDT", "url": "https://www.cryptodatadownload.com/cdd/Binance_SOLUSDT_d.csv", "rows": 2035, "file": "C:\\Users\\Fernando\\.openclaw\\workspace\\proyectos\\analisis-mercados\\data\\history\\public_ohlcv\\SOLUSDT_d.csv", "ok": true}, {"symbol": "ETHUSDT", "url": "https://www.cryptodatadownload.com/cdd/Binance_ETHUSDT_d.csv", "rows": 3125, "file": "C:\\Users\\Fernando\\.openclaw\\workspace\\proyectos\\analisis-mercados\\data\\history\\public_ohlcv\\ETHUSDT_d.csv", "ok": true}]}
[2026-03-10T23:40:04] PUBLIC_OHLCV_EXITCODE=0
{"started_at": "2026-03-10T22:40:04.913595+00:00", "symbols": {"BTCUSDT": {"rows_written": 96, "file": "C:\\Users\\Fernando\\.openclaw\\workspace\\proyectos\\analisis-mercados\\data\\history\\BTCUSDT_15m.csv", "last_open_time": "2026-03-10T22:30:00.001000+00:00"}, "SOLUSDT": {"rows_written": 96, "file": "C:\\Users\\Fernando\\.openclaw\\workspace\\proyectos\\analisis-mercados\\data\\history\\SOLUSDT_15m.csv", "last_open_time": "2026-03-10T22:30:00.001000+00:00"}}, "finished_at": "2026-03-10T22:40:06.623770+00:00"}
[2026-03-10T23:40:06] HISTORY_EXITCODE=0
{"ok": true, "model": "C:\\Users\\Fernando\\.openclaw\\workspace\\proyectos\\analisis-mercados\\models\\lstm_BTCUSDT.pt", "val_mse": 6.925e-05}
[2026-03-10T23:40:23] BTC_EXITCODE=0
{"ok": true, "model": "C:\\Users\\Fernando\\.openclaw\\workspace\\proyectos\\analisis-mercados\\models\\lstm_SOLUSDT.pt", "val_mse": 0.00043123}
[2026-03-10T23:40:37] SOL_EXITCODE=0
{"as_of": "2026-03-10T22:40:37.797364+00:00", "source": "C:\\Users\\Fernando\\.openclaw\\workspace\\proyectos\\analisis-mercados\\data\\crypto_orders_sim.json", "rows_raw": 469, "rows_clean": 0, "duplicates_removed": 0, "rows_dropped_nulls": 469, "output": "C:\\Users\\Fernando\\.openclaw\\workspace\\proyectos\\analisis-mercados\\data\\trades_clean.csv"}
[2026-03-10T23:40:37] DATASET_QUALITY_EXITCODE=0
{"ok": true, "rows": 10, "report": "C:\\Users\\Fernando\\.openclaw\\workspace\\proyectos\\analisis-mercados\\reports\\walkforward_report.md"}
[2026-03-10T23:40:38] WALKFORWARD_EXITCODE=0
{"ok": true, "registry": "C:\\Users\\Fernando\\.openclaw\\workspace\\proyectos\\analisis-mercados\\models\\registry.json"}
[2026-03-10T23:40:38] REGISTRY_EXITCODE=0
{"as_of": "2026-03-10T22:40:38Z", "trades_7d": 461, "wins_7d": 269, "losses_7d": 135, "win_rate": 58.35, "expectancy_usd": 0.6335, "profit_factor": 22.556, "pnl_7d_usd": 292.0483, "max_drawdown_usd": 1.6529, "semaforo": "VERDE", "reason": "Edge consistente en ventana reciente", "by_ticker": {"SOL": {"count": 22, "pnl": 2.724901000000001}, "ETH": {"count": 38, "pnl": 2.8436369999999984}, "SUI": {"count": 24, "pnl": 2.8487400000000007}, "INJ": {"count": 1, "pnl": 0.363036}, "BTC": {"count": 26, "pnl": 1.6081959999999997}, "LINK": {"count": 11, "pnl": 0.4367439999999999}, "GALA": {"count": 1, "pnl": -0.062992}, "BNB": {"count": 12, "pnl": 0.350755}, "BCH": {"count": 1, "pnl": 0.276452}, "ARB": {"count": 3, "pnl": 0.438668}, "OP": {"count": 12, "pnl": 0.04414899999999995}, "FIL": {"count": 2, "pnl": 0.386639}, "APT": {"count": 2, "pnl": 0.35539}, "UNI": {"count": 2, "pnl": 0.532995}, "DOT": {"count": 1, "pnl": 0.592105}, "ICP": {"count": 3, "pnl": -0.11811}, "AAVE": {"count": 24, "pnl": 0.7315480000000001}, "WLD": {"count": 1, "pnl": -0.019481}, "USDC": {"count": 17, "pnl": -0.005940000000000001}, "DOGE": {"count": 25, "pnl": 0.6682650000000001}, "XRP": {"count": 8, "pnl": -0.20979}, "NEAR": {"count": 49, "pnl": -0.464811}, "PEPE": {"count": 102, "pnl": 275.5840370000003}, "LTC": {"count": 5, "pnl": 0.01675200000000003}, "FLOW": {"count": 43, "pnl": 0.9875580000000006}, "AVAX": {"count": 7, "pnl": 0.48711899999999997}, "TRX": {"count": 5, "pnl": 0.07843900000000001}, "ADA": {"count": 2, "pnl": 0.175152}, "FET": {"count": 2, "pnl": -0.004575999999999999}, "RENDER": {"count": 10, "pnl": 0.402684}}}
[2026-03-10T23:40:38] LEARNING_EXITCODE=0
[2026-03-11T23:40:02] START train_lstm_daily
{"as_of": "2026-03-11T22:40:02.485409+00:00", "ok": true, "sources": [{"symbol": "BTCUSDT", "url": "https://www.cryptodatadownload.com/cdd/Binance_BTCUSDT_d.csv", "rows": 3126, "file": "C:\\Users\\Fernando\\.openclaw\\workspace\\proyectos\\analisis-mercados\\data\\history\\public_ohlcv\\BTCUSDT_d.csv", "ok": true}, {"symbol": "SOLUSDT", "url": "https://www.cryptodatadownload.com/cdd/Binance_SOLUSDT_d.csv", "rows": 2036, "file": "C:\\Users\\Fernando\\.openclaw\\workspace\\proyectos\\analisis-mercados\\data\\history\\public_ohlcv\\SOLUSDT_d.csv", "ok": true}, {"symbol": "ETHUSDT", "url": "https://www.cryptodatadownload.com/cdd/Binance_ETHUSDT_d.csv", "rows": 3126, "file": "C:\\Users\\Fernando\\.openclaw\\workspace\\proyectos\\analisis-mercados\\data\\history\\public_ohlcv\\ETHUSDT_d.csv", "ok": true}]}
[2026-03-11T23:40:04] PUBLIC_OHLCV_EXITCODE=0
{"started_at": "2026-03-11T22:40:05.100824+00:00", "symbols": {"BTCUSDT": {"rows_written": 96, "file": "C:\\Users\\Fernando\\.openclaw\\workspace\\proyectos\\analisis-mercados\\data\\history\\BTCUSDT_15m.csv", "last_open_time": "2026-03-11T22:30:00.001000+00:00"}, "SOLUSDT": {"rows_written": 96, "file": "C:\\Users\\Fernando\\.openclaw\\workspace\\proyectos\\analisis-mercados\\data\\history\\SOLUSDT_15m.csv", "last_open_time": "2026-03-11T22:30:00.001000+00:00"}}, "finished_at": "2026-03-11T22:40:06.831510+00:00"}
[2026-03-11T23:40:06] HISTORY_EXITCODE=0
{"ok": true, "model": "C:\\Users\\Fernando\\.openclaw\\workspace\\proyectos\\analisis-mercados\\models\\lstm_BTCUSDT.pt", "val_mse": 0.00400954}
[2026-03-11T23:40:35] BTC_EXITCODE=0
{"ok": true, "model": "C:\\Users\\Fernando\\.openclaw\\workspace\\proyectos\\analisis-mercados\\models\\lstm_SOLUSDT.pt", "val_mse": 0.00018871}
[2026-03-11T23:40:57] SOL_EXITCODE=0
{"as_of": "2026-03-11T22:40:57.783583+00:00", "source": "C:\\Users\\Fernando\\.openclaw\\workspace\\proyectos\\analisis-mercados\\data\\crypto_orders_sim.json", "rows_raw": 511, "rows_clean": 391, "duplicates_removed": 0, "rows_dropped_nulls": 0, "anomalies": {"missing_exit_price": 0, "completed_state_active": 0, "missing_qty": 0, "stablecoin_symbol": 18, "excluded_symbol": 102}, "output": "C:\\Users\\Fernando\\.openclaw\\workspace\\proyectos\\analisis-mercados\\data\\trades_clean.csv"}
[2026-03-11T23:40:57] DATASET_QUALITY_EXITCODE=0
{"ok": true, "rows": 10, "report": "C:\\Users\\Fernando\\.openclaw\\workspace\\proyectos\\analisis-mercados\\reports\\walkforward_report.md"}
[2026-03-11T23:40:59] WALKFORWARD_EXITCODE=0
{"ok": true, "registry": "C:\\Users\\Fernando\\.openclaw\\workspace\\proyectos\\analisis-mercados\\models\\registry.json"}
[2026-03-11T23:40:59] REGISTRY_EXITCODE=0
{"as_of": "2026-03-11T22:40:59Z", "trades_7d": 357, "wins_7d": 151, "losses_7d": 139, "win_rate": 42.3, "expectancy_usd": 0.0101, "profit_factor": 1.248, "pnl_7d_usd": 3.5963, "max_drawdown_usd": 3.4552, "semaforo": "AMARILLO", "reason": "Edge preliminar, seguir validando", "by_ticker": {"OP": {"count": 10, "pnl": -0.5128170000000001}, "ICP": {"count": 9, "pnl": -0.11355600000000002}, "BTC": {"count": 26, "pnl": -0.715316}, "BNB": {"count": 11, "pnl": -0.067225}, "ETH": {"count": 40, "pnl": 0.8636990000000001}, "SOL": {"count": 21, "pnl": 0.505489}, "AAVE": {"count": 28, "pnl": 0.7148710000000001}, "WLD": {"count": 1, "pnl": -0.019481}, "SUI": {"count": 26, "pnl": 0.9173270000000003}, "DOGE": {"count": 30, "pnl": 0.599462}, "XRP": {"count": 8, "pnl": -0.20979}, "LINK": {"count": 12, "pnl": 0.03319499999999999}, "ARB": {"count": 1, "pnl": -0.067683}, "NEAR": {"count": 49, "pnl": -0.464811}, "LTC": {"count": 5, "pnl": 0.01675200000000003}, "FLOW": {"count": 43, "pnl": 0.9875580000000006}, "AVAX": {"count": 7, "pnl": 0.48711899999999997}, "TRX": {"count": 5, "pnl": 0.07843900000000001}, "ADA": {"count": 2, "pnl": 0.175152}, "FET": {"count": 3, "pnl": -0.01474}, "RENDER": {"count": 20, "pnl": 0.402684}}}
[2026-03-11T23:40:59] LEARNING_EXITCODE=0
{"as_of": "2026-03-11T22:40:59Z", "window": "7d", "orders_used": 357, "by_ticker": [{"key": "NEAR", "count": 49, "wins": 7, "losses": 10, "win_rate": 14.29, "expectancy_usd": -0.0095, "pnl_usd": -0.4648}, {"key": "FLOW", "count": 43, "wins": 19, "losses": 24, "win_rate": 44.19, "expectancy_usd": 0.023, "pnl_usd": 0.9876}, {"key": "ETH", "count": 40, "wins": 20, "losses": 20, "win_rate": 50.0, "expectancy_usd": 0.0216, "pnl_usd": 0.8637}, {"key": "DOGE", "count": 30, "wins": 17, "losses": 13, "win_rate": 56.67, "expectancy_usd": 0.02, "pnl_usd": 0.5995}, {"key": "AAVE", "count": 28, "wins": 16, "losses": 12, "win_rate": 57.14, "expectancy_usd": 0.0255, "pnl_usd": 0.7149}, {"key": "SUI", "count": 26, "wins": 16, "losses": 10, "win_rate": 61.54, "expectancy_usd": 0.0353, "pnl_usd": 0.9173}, {"key": "BTC", "count": 26, "wins": 13, "losses": 11, "win_rate": 50.0, "expectancy_usd": -0.0275, "pnl_usd": -0.7153}, {"key": "SOL", "count": 21, "wins": 14, "losses": 6, "win_rate": 66.67, "expectancy_usd": 0.0241, "pnl_usd": 0.5055}, {"key": "RENDER", "count": 20, "wins": 3, "losses": 2, "win_rate": 15.0, "expectancy_usd": 0.0201, "pnl_usd": 0.4027}, {"key": "LINK", "count": 12, "wins": 3, "losses": 6, "win_rate": 25.0, "expectancy_usd": 0.0028, "pnl_usd": 0.0332}, {"key": "BNB", "count": 11, "wins": 5, "losses": 4, "win_rate": 45.45, "expectancy_usd": -0.0061, "pnl_usd": -0.0672}, {"key": "OP", "count": 10, "wins": 3, "losses": 5, "win_rate": 30.0, "expectancy_usd": -0.0513, "pnl_usd": -0.5128}, {"key": "ICP", "count": 9, "wins": 2, "losses": 4, "win_rate": 22.22, "expectancy_usd": -0.0126, "pnl_usd": -0.1136}, {"key": "XRP", "count": 8, "wins": 0, "losses": 1, "win_rate": 0.0, "expectancy_usd": -0.0262, "pnl_usd": -0.2098}, {"key": "AVAX", "count": 7, "wins": 5, "losses": 2, "win_rate": 71.43, "expectancy_usd": 0.0696, "pnl_usd": 0.4871}, {"key": "TRX", "count": 5, "wins": 3, "losses": 2, "win_rate": 60.0, "expectancy_usd": 0.0157, "pnl_usd": 0.0784}, {"key": "LTC", "count": 5, "wins": 3, "losses": 2, "win_rate": 60.0, "expectancy_usd": 0.0034, "pnl_usd": 0.0168}, {"key": "FET", "count": 3, "wins": 1, "losses": 2, "win_rate": 33.33, "expectancy_usd": -0.0049, "pnl_usd": -0.0147}, {"key": "ADA", "count": 2, "wins": 1, "losses": 1, "win_rate": 50.0, "expectancy_usd": 0.0876, "pnl_usd": 0.1752}, {"key": "WLD", "count": 1, "wins": 0, "losses": 1, "win_rate": 0.0, "expectancy_usd": -0.0195, "pnl_usd": -0.0195}, {"key": "ARB", "count": 1, "wins": 0, "losses": 1, "win_rate": 0.0, "expectancy_usd": -0.0677, "pnl_usd": -0.0677}], "by_result": [{"key": "timeout", "count": 298, "wins": 129, "losses": 102, "win_rate": 43.29, "expectancy_usd": 0.0171, "pnl_usd": 5.0885}, {"key": "perdida", "count": 37, "wins": 0, "losses": 37, "win_rate": 0.0, "expectancy_usd": -0.2602, "pnl_usd": -9.6272}, {"key": "ganada", "count": 22, "wins": 22, "losses": 0, "win_rate": 100.0, "expectancy_usd": 0.3698, "pnl_usd": 8.1351}], "by_hour_bucket_utc": [{"key": "16-23", "count": 123, "wins": 53, "losses": 41, "win_rate": 43.09, "expectancy_usd": 0.0175, "pnl_usd": 2.1469}, {"key": "08-15", "count": 122, "wins": 57, "losses": 43, "win_rate": 46.72, "expectancy_usd": 0.0191, "pnl_usd": 2.331}, {"key": "00-07", "count": 112, "wins": 41, "losses": 55, "win_rate": 36.61, "expectancy_usd": -0.0079, "pnl_usd": -0.8816}], "by_risk_mode": [{"key": "scalp_intradia", "count": 357, "wins": 151, "losses": 139, "win_rate": 42.3, "expectancy_usd": 0.0101, "pnl_usd": 3.5963}]}
[2026-03-11T23:40:59] EDGE_BREAKDOWN_EXITCODE=0
{"as_of": "2026-03-11T22:40:59Z", "policy": {"core": "count>=15, expectancy>0.015, win_rate>=52, pnl>0", "watch": "muestra insuficiente o edge mixed", "excluded": "manual/stablecoin o count>=10 con expectancy<0 o win_rate<35"}, "core": ["DOGE", "AAVE", "SUI", "SOL"], "watch": ["FLOW", "ETH", "ICP", "XRP", "AVAX", "TRX", "LTC", "FET", "ADA", "WLD", "ARB"], "excluded": ["BNB", "BTC", "BUSD", "DAI", "FDUSD", "LINK", "NEAR", "OP", "PEPE", "RENDER", "TUSD", "USDC", "USDE", "USDT"], "details": [{"ticker": "NEAR", "bucket": "excluded", "reason": "deterioro claro en ventana reciente", "count": 49, "win_rate": 14.29, "expectancy_usd": -0.0095, "pnl_usd": -0.4648}, {"ticker": "FLOW", "bucket": "watch", "reason": "seguir observando antes de promover o expulsar", "count": 43, "win_rate": 44.19, "expectancy_usd": 0.023, "pnl_usd": 0.9876}, {"ticker": "ETH", "bucket": "watch", "reason": "seguir observando antes de promover o expulsar", "count": 40, "win_rate": 50.0, "expectancy_usd": 0.0216, "pnl_usd": 0.8637}, {"ticker": "DOGE", "bucket": "core", "reason": "edge suficiente en ventana reciente", "count": 30, "win_rate": 56.67, "expectancy_usd": 0.02, "pnl_usd": 0.5995}, {"ticker": "AAVE", "bucket": "core", "reason": "edge suficiente en ventana reciente", "count": 28, "win_rate": 57.14, "expectancy_usd": 0.0255, "pnl_usd": 0.7149}, {"ticker": "SUI", "bucket": "core", "reason": "edge suficiente en ventana reciente", "count": 26, "win_rate": 61.54, "expectancy_usd": 0.0353, "pnl_usd": 0.9173}, {"ticker": "BTC", "bucket": "excluded", "reason": "deterioro claro en ventana reciente", "count": 26, "win_rate": 50.0, "expectancy_usd": -0.0275, "pnl_usd": -0.7153}, {"ticker": "SOL", "bucket": "core", "reason": "edge suficiente en ventana reciente", "count": 21, "win_rate": 66.67, "expectancy_usd": 0.0241, "pnl_usd": 0.5055}, {"ticker": "RENDER", "bucket": "excluded", "reason": "deterioro claro en ventana reciente", "count": 20, "win_rate": 15.0, "expectancy_usd": 0.0201, "pnl_usd": 0.4027}, {"ticker": "LINK", "bucket": "excluded", "reason": "deterioro claro en ventana reciente", "count": 12, "win_rate": 25.0, "expectancy_usd": 0.0028, "pnl_usd": 0.0332}, {"ticker": "BNB", "bucket": "excluded", "reason": "deterioro claro en ventana reciente", "count": 11, "win_rate": 45.45, "expectancy_usd": -0.0061, "pnl_usd": -0.0672}, {"ticker": "OP", "bucket": "excluded", "reason": "deterioro claro en ventana reciente", "count": 10, "win_rate": 30.0, "expectancy_usd": -0.0513, "pnl_usd": -0.5128}, {"ticker": "ICP", "bucket": "watch", "reason": "seguir observando antes de promover o expulsar", "count": 9, "win_rate": 22.22, "expectancy_usd": -0.0126, "pnl_usd": -0.1136}, {"ticker": "XRP", "bucket": "watch", "reason": "seguir observando antes de promover o expulsar", "count": 8, "win_rate": 0.0, "expectancy_usd": -0.0262, "pnl_usd": -0.2098}, {"ticker": "AVAX", "bucket": "watch", "reason": "seguir observando antes de promover o expulsar", "count": 7, "win_rate": 71.43, "expectancy_usd": 0.0696, "pnl_usd": 0.4871}, {"ticker": "TRX", "bucket": "watch", "reason": "seguir observando antes de promover o expulsar", "count": 5, "win_rate": 60.0, "expectancy_usd": 0.0157, "pnl_usd": 0.0784}, {"ticker": "LTC", "bucket": "watch", "reason": "seguir observando antes de promover o expulsar", "count": 5, "win_rate": 60.0, "expectancy_usd": 0.0034, "pnl_usd": 0.0168}, {"ticker": "FET", "bucket": "watch", "reason": "muestra insuficiente", "count": 3, "win_rate": 33.33, "expectancy_usd": -0.0049, "pnl_usd": -0.0147}, {"ticker": "ADA", "bucket": "watch", "reason": "muestra insuficiente", "count": 2, "win_rate": 50.0, "expectancy_usd": 0.0876, "pnl_usd": 0.1752}, {"ticker": "WLD", "bucket": "watch", "reason": "muestra insuficiente", "count": 1, "win_rate": 0.0, "expectancy_usd": -0.0195, "pnl_usd": -0.0195}, {"ticker": "ARB", "bucket": "watch", "reason": "muestra insuficiente", "count": 1, "win_rate": 0.0, "expectancy_usd": -0.0677, "pnl_usd": -0.0677}]}
[2026-03-11T23:40:59] UNIVERSE_EXITCODE=0
OK crypto snapshot -> C:\Users\Fernando\.openclaw\workspace\proyectos\analisis-mercados\data\crypto_snapshot_free.json
[2026-03-11T23:41:13] SNAPSHOT_EXITCODE=0
[2026-03-12T23:40:02] START train_lstm_daily
{"as_of": "2026-03-12T22:40:02.811166+00:00", "ok": true, "sources": [{"symbol": "BTCUSDT", "url": "https://www.cryptodatadownload.com/cdd/Binance_BTCUSDT_d.csv", "rows": 3127, "file": "C:\\Users\\Fernando\\.openclaw\\workspace\\proyectos\\analisis-mercados\\data\\history\\public_ohlcv\\BTCUSDT_d.csv", "ok": true}, {"symbol": "SOLUSDT", "url": "https://www.cryptodatadownload.com/cdd/Binance_SOLUSDT_d.csv", "rows": 2037, "file": "C:\\Users\\Fernando\\.openclaw\\workspace\\proyectos\\analisis-mercados\\data\\history\\public_ohlcv\\SOLUSDT_d.csv", "ok": true}, {"symbol": "ETHUSDT", "url": "https://www.cryptodatadownload.com/cdd/Binance_ETHUSDT_d.csv", "rows": 3127, "file": "C:\\Users\\Fernando\\.openclaw\\workspace\\proyectos\\analisis-mercados\\data\\history\\public_ohlcv\\ETHUSDT_d.csv", "ok": true}]}
[2026-03-12T23:40:05] PUBLIC_OHLCV_EXITCODE=0
{"started_at": "2026-03-12T22:40:05.538121+00:00", "symbols": {"BTCUSDT": {"rows_written": 96, "file": "C:\\Users\\Fernando\\.openclaw\\workspace\\proyectos\\analisis-mercados\\data\\history\\BTCUSDT_15m.csv", "last_open_time": "2026-03-12T22:30:00.001000+00:00"}, "SOLUSDT": {"rows_written": 96, "file": "C:\\Users\\Fernando\\.openclaw\\workspace\\proyectos\\analisis-mercados\\data\\history\\SOLUSDT_15m.csv", "last_open_time": "2026-03-12T22:30:00.001000+00:00"}}, "finished_at": "2026-03-12T22:40:07.282830+00:00"}
[2026-03-12T23:40:07] HISTORY_EXITCODE=0
{"ok": true, "model": "C:\\Users\\Fernando\\.openclaw\\workspace\\proyectos\\analisis-mercados\\models\\lstm_BTCUSDT.pt", "val_mse": 0.00016487}
[2026-03-12T23:40:29] BTC_EXITCODE=0
{"ok": true, "model": "C:\\Users\\Fernando\\.openclaw\\workspace\\proyectos\\analisis-mercados\\models\\lstm_SOLUSDT.pt", "val_mse": 0.00243436}
[2026-03-12T23:40:47] SOL_EXITCODE=0
{"as_of": "2026-03-12T22:40:47.219466+00:00", "source": "C:\\Users\\Fernando\\.openclaw\\workspace\\proyectos\\analisis-mercados\\data\\crypto_orders_sim.json", "rows_raw": 511, "rows_clean": 391, "duplicates_removed": 0, "rows_dropped_nulls": 0, "anomalies": {"missing_exit_price": 0, "completed_state_active": 0, "missing_qty": 0, "stablecoin_symbol": 18, "excluded_symbol": 102}, "output": "C:\\Users\\Fernando\\.openclaw\\workspace\\proyectos\\analisis-mercados\\data\\trades_clean.csv"}
[2026-03-12T23:40:47] DATASET_QUALITY_EXITCODE=0
{"ok": true, "rows": 10, "report": "C:\\Users\\Fernando\\.openclaw\\workspace\\proyectos\\analisis-mercados\\reports\\walkforward_report.md"}
[2026-03-12T23:40:47] WALKFORWARD_EXITCODE=0
{"ok": true, "registry": "C:\\Users\\Fernando\\.openclaw\\workspace\\proyectos\\analisis-mercados\\models\\registry.json"}
[2026-03-12T23:40:47] REGISTRY_EXITCODE=0
{"as_of": "2026-03-12T22:40:47Z", "trades_7d": 272, "wins_7d": 106, "losses_7d": 109, "win_rate": 38.97, "expectancy_usd": 0.0077, "profit_factor": 1.189, "pnl_7d_usd": 2.0967, "max_drawdown_usd": 3.1433, "semaforo": "AMARILLO", "reason": "Edge preliminar, seguir validando", "by_ticker": {"NEAR": {"count": 49, "pnl": -0.464811}, "OP": {"count": 3, "pnl": 0.058348}, "AAVE": {"count": 13, "pnl": 0.11911100000000005}, "SUI": {"count": 19, "pnl": -0.015416999999999986}, "LINK": {"count": 10, "pnl": 0.03305499999999999}, "ETH": {"count": 30, "pnl": 0.426457}, "SOL": {"count": 11, "pnl": -0.09901900000000001}, "BTC": {"count": 10, "pnl": -0.14363199999999998}, "DOGE": {"count": 27, "pnl": 0.23005599999999998}, "LTC": {"count": 5, "pnl": 0.01675200000000003}, "FLOW": {"count": 43, "pnl": 0.9875580000000006}, "XRP": {"count": 6, "pnl": -0.20979}, "AVAX": {"count": 7, "pnl": 0.48711899999999997}, "TRX": {"count": 5, "pnl": 0.07843900000000001}, "ADA": {"count": 2, "pnl": 0.175152}, "FET": {"count": 3, "pnl": -0.01474}, "RENDER": {"count": 20, "pnl": 0.402684}, "BNB": {"count": 3, "pnl": 0.024805000000000008}, "ICP": {"count": 6, "pnl": 0.004553999999999975}}}
[2026-03-12T23:40:47] LEARNING_EXITCODE=0
{"as_of": "2026-03-12T22:40:48Z", "window": "7d", "orders_used": 272, "by_ticker": [{"key": "NEAR", "count": 49, "wins": 7, "losses": 10, "win_rate": 14.29, "expectancy_usd": -0.0095, "pnl_usd": -0.4648}, {"key": "FLOW", "count": 43, "wins": 19, "losses": 24, "win_rate": 44.19, "expectancy_usd": 0.023, "pnl_usd": 0.9876}, {"key": "ETH", "count": 30, "wins": 14, "losses": 16, "win_rate": 46.67, "expectancy_usd": 0.0142, "pnl_usd": 0.4265}, {"key": "DOGE", "count": 27, "wins": 14, "losses": 13, "win_rate": 51.85, "expectancy_usd": 0.0085, "pnl_usd": 0.2301}, {"key": "RENDER", "count": 20, "wins": 3, "losses": 2, "win_rate": 15.0, "expectancy_usd": 0.0201, "pnl_usd": 0.4027}, {"key": "SUI", "count": 19, "wins": 11, "losses": 8, "win_rate": 57.89, "expectancy_usd": -0.0008, "pnl_usd": -0.0154}, {"key": "AAVE", "count": 13, "wins": 7, "losses": 6, "win_rate": 53.85, "expectancy_usd": 0.0092, "pnl_usd": 0.1191}, {"key": "SOL", "count": 11, "wins": 7, "losses": 3, "win_rate": 63.64, "expectancy_usd": -0.009, "pnl_usd": -0.099}, {"key": "LINK", "count": 10, "wins": 2, "losses": 5, "win_rate": 20.0, "expectancy_usd": 0.0033, "pnl_usd": 0.0331}, {"key": "BTC", "count": 10, "wins": 4, "losses": 6, "win_rate": 40.0, "expectancy_usd": -0.0144, "pnl_usd": -0.1436}, {"key": "AVAX", "count": 7, "wins": 5, "losses": 2, "win_rate": 71.43, "expectancy_usd": 0.0696, "pnl_usd": 0.4871}, {"key": "ICP", "count": 6, "wins": 2, "losses": 3, "win_rate": 33.33, "expectancy_usd": 0.0008, "pnl_usd": 0.0046}, {"key": "XRP", "count": 6, "wins": 0, "losses": 1, "win_rate": 0.0, "expectancy_usd": -0.035, "pnl_usd": -0.2098}, {"key": "TRX", "count": 5, "wins": 3, "losses": 2, "win_rate": 60.0, "expectancy_usd": 0.0157, "pnl_usd": 0.0784}, {"key": "LTC", "count": 5, "wins": 3, "losses": 2, "win_rate": 60.0, "expectancy_usd": 0.0034, "pnl_usd": 0.0168}, {"key": "OP", "count": 3, "wins": 2, "losses": 1, "win_rate": 66.67, "expectancy_usd": 0.0194, "pnl_usd": 0.0583}, {"key": "BNB", "count": 3, "wins": 1, "losses": 2, "win_rate": 33.33, "expectancy_usd": 0.0083, "pnl_usd": 0.0248}, {"key": "FET", "count": 3, "wins": 1, "losses": 2, "win_rate": 33.33, "expectancy_usd": -0.0049, "pnl_usd": -0.0147}, {"key": "ADA", "count": 2, "wins": 1, "losses": 1, "win_rate": 50.0, "expectancy_usd": 0.0876, "pnl_usd": 0.1752}], "by_result": [{"key": "timeout", "count": 222, "wins": 88, "losses": 77, "win_rate": 39.64, "expectancy_usd": 0.0137, "pnl_usd": 3.0488}, {"key": "perdida", "count": 32, "wins": 0, "losses": 32, "win_rate": 0.0, "expectancy_usd": -0.2437, "pnl_usd": -7.7979}, {"key": "ganada", "count": 18, "wins": 18, "losses": 0, "win_rate": 100.0, "expectancy_usd": 0.3803, "pnl_usd": 6.8457}], "by_hour_bucket_utc": [{"key": "00-07", "count": 108, "wins": 41, "losses": 55, "win_rate": 37.96, "expectancy_usd": -0.0082, "pnl_usd": -0.8816}, {"key": "16-23", "count": 100, "wins": 41, "losses": 30, "win_rate": 41.0, "expectancy_usd": 0.0141, "pnl_usd": 1.4114}, {"key": "08-15", "count": 64, "wins": 24, "losses": 24, "win_rate": 37.5, "expectancy_usd": 0.0245, "pnl_usd": 1.5669}], "by_risk_mode": [{"key": "scalp_intradia", "count": 272, "wins": 106, "losses": 109, "win_rate": 38.97, "expectancy_usd": 0.0077, "pnl_usd": 2.0967}]}
[2026-03-12T23:40:48] EDGE_BREAKDOWN_EXITCODE=0
{"as_of": "2026-03-12T22:40:48Z", "policy": {"core": "count>=15, expectancy>0.015, win_rate>=52, pnl>0", "watch": "muestra insuficiente o edge mixed", "excluded": "manual/stablecoin o count>=10 con expectancy<0 o win_rate<35"}, "core": [], "watch": ["FLOW", "ETH", "DOGE", "AAVE", "AVAX", "ICP", "XRP", "TRX", "LTC", "OP", "BNB", "FET", "ADA"], "excluded": ["BTC", "BUSD", "DAI", "FDUSD", "LINK", "NEAR", "PEPE", "RENDER", "SOL", "SUI", "TUSD", "USDC", "USDE", "USDT"], "details": [{"ticker": "NEAR", "bucket": "excluded", "reason": "deterioro claro en ventana reciente", "count": 49, "win_rate": 14.29, "expectancy_usd": -0.0095, "pnl_usd": -0.4648}, {"ticker": "FLOW", "bucket": "watch", "reason": "seguir observando antes de promover o expulsar", "count": 43, "win_rate": 44.19, "expectancy_usd": 0.023, "pnl_usd": 0.9876}, {"ticker": "ETH", "bucket": "watch", "reason": "seguir observando antes de promover o expulsar", "count": 30, "win_rate": 46.67, "expectancy_usd": 0.0142, "pnl_usd": 0.4265}, {"ticker": "DOGE", "bucket": "watch", "reason": "seguir observando antes de promover o expulsar", "count": 27, "win_rate": 51.85, "expectancy_usd": 0.0085, "pnl_usd": 0.2301}, {"ticker": "RENDER", "bucket": "excluded", "reason": "deterioro claro en ventana reciente", "count": 20, "win_rate": 15.0, "expectancy_usd": 0.0201, "pnl_usd": 0.4027}, {"ticker": "SUI", "bucket": "excluded", "reason": "deterioro claro en ventana reciente", "count": 19, "win_rate": 57.89, "expectancy_usd": -0.0008, "pnl_usd": -0.0154}, {"ticker": "AAVE", "bucket": "watch", "reason": "seguir observando antes de promover o expulsar", "count": 13, "win_rate": 53.85, "expectancy_usd": 0.0092, "pnl_usd": 0.1191}, {"ticker": "SOL", "bucket": "excluded", "reason": "deterioro claro en ventana reciente", "count": 11, "win_rate": 63.64, "expectancy_usd": -0.009, "pnl_usd": -0.099}, {"ticker": "LINK", "bucket": "excluded", "reason": "deterioro claro en ventana reciente", "count": 10, "win_rate": 20.0, "expectancy_usd": 0.0033, "pnl_usd": 0.0331}, {"ticker": "BTC", "bucket": "excluded", "reason": "deterioro claro en ventana reciente", "count": 10, "win_rate": 40.0, "expectancy_usd": -0.0144, "pnl_usd": -0.1436}, {"ticker": "AVAX", "bucket": "watch", "reason": "seguir observando antes de promover o expulsar", "count": 7, "win_rate": 71.43, "expectancy_usd": 0.0696, "pnl_usd": 0.4871}, {"ticker": "ICP", "bucket": "watch", "reason": "seguir observando antes de promover o expulsar", "count": 6, "win_rate": 33.33, "expectancy_usd": 0.0008, "pnl_usd": 0.0046}, {"ticker": "XRP", "bucket": "watch", "reason": "seguir observando antes de promover o expulsar", "count": 6, "win_rate": 0.0, "expectancy_usd": -0.035, "pnl_usd": -0.2098}, {"ticker": "TRX", "bucket": "watch", "reason": "seguir observando antes de promover o expulsar", "count": 5, "win_rate": 60.0, "expectancy_usd": 0.0157, "pnl_usd": 0.0784}, {"ticker": "LTC", "bucket": "watch", "reason": "seguir observando antes de promover o expulsar", "count": 5, "win_rate": 60.0, "expectancy_usd": 0.0034, "pnl_usd": 0.0168}, {"ticker": "OP", "bucket": "watch", "reason": "muestra insuficiente", "count": 3, "win_rate": 66.67, "expectancy_usd": 0.0194, "pnl_usd": 0.0583}, {"ticker": "BNB", "bucket": "watch", "reason": "muestra insuficiente", "count": 3, "win_rate": 33.33, "expectancy_usd": 0.0083, "pnl_usd": 0.0248}, {"ticker": "FET", "bucket": "watch", "reason": "muestra insuficiente", "count": 3, "win_rate": 33.33, "expectancy_usd": -0.0049, "pnl_usd": -0.0147}, {"ticker": "ADA", "bucket": "watch", "reason": "muestra insuficiente", "count": 2, "win_rate": 50.0, "expectancy_usd": 0.0876, "pnl_usd": 0.1752}]}
[2026-03-12T23:40:48] UNIVERSE_EXITCODE=0
OK crypto snapshot -> C:\Users\Fernando\.openclaw\workspace\proyectos\analisis-mercados\data\crypto_snapshot_free.json
[2026-03-12T23:41:02] SNAPSHOT_EXITCODE=0
[2026-03-13T23:40:02] START train_lstm_daily
{"as_of": "2026-03-13T22:40:02.449481+00:00", "ok": true, "sources": [{"symbol": "BTCUSDT", "url": "https://www.cryptodatadownload.com/cdd/Binance_BTCUSDT_d.csv", "rows": 3128, "file": "C:\\Users\\Fernando\\.openclaw\\workspace\\proyectos\\analisis-mercados\\data\\history\\public_ohlcv\\BTCUSDT_d.csv", "ok": true}, {"symbol": "SOLUSDT", "url": "https://www.cryptodatadownload.com/cdd/Binance_SOLUSDT_d.csv", "rows": 2038, "file": "C:\\Users\\Fernando\\.openclaw\\workspace\\proyectos\\analisis-mercados\\data\\history\\public_ohlcv\\SOLUSDT_d.csv", "ok": true}, {"symbol": "ETHUSDT", "url": "https://www.cryptodatadownload.com/cdd/Binance_ETHUSDT_d.csv", "rows": 3128, "file": "C:\\Users\\Fernando\\.openclaw\\workspace\\proyectos\\analisis-mercados\\data\\history\\public_ohlcv\\ETHUSDT_d.csv", "ok": true}]}
[2026-03-13T23:40:04] PUBLIC_OHLCV_EXITCODE=0
{"started_at": "2026-03-13T22:40:05.046938+00:00", "symbols": {"BTCUSDT": {"rows_written": 96, "file": "C:\\Users\\Fernando\\.openclaw\\workspace\\proyectos\\analisis-mercados\\data\\history\\BTCUSDT_15m.csv", "last_open_time": "2026-03-13T22:30:00.001000+00:00"}, "SOLUSDT": {"rows_written": 96, "file": "C:\\Users\\Fernando\\.openclaw\\workspace\\proyectos\\analisis-mercados\\data\\history\\SOLUSDT_15m.csv", "last_open_time": "2026-03-13T22:30:00.001000+00:00"}}, "finished_at": "2026-03-13T22:40:06.853929+00:00"}
[2026-03-13T23:40:06] HISTORY_EXITCODE=0
{"ok": true, "model": "C:\\Users\\Fernando\\.openclaw\\workspace\\proyectos\\analisis-mercados\\models\\lstm_BTCUSDT.pt", "val_mse": 0.00045102}
[2026-03-13T23:40:30] BTC_EXITCODE=0
{"ok": true, "model": "C:\\Users\\Fernando\\.openclaw\\workspace\\proyectos\\analisis-mercados\\models\\lstm_SOLUSDT.pt", "val_mse": 0.00122805}
[2026-03-13T23:40:47] SOL_EXITCODE=0
{"as_of": "2026-03-13T22:40:47.443024+00:00", "source": "C:\\Users\\Fernando\\.openclaw\\workspace\\proyectos\\analisis-mercados\\data\\crypto_orders_sim.json", "rows_raw": 747, "rows_clean": 627, "duplicates_removed": 0, "rows_dropped_nulls": 0, "anomalies": {"missing_exit_price": 236, "completed_state_active": 0, "missing_qty": 0, "stablecoin_symbol": 18, "excluded_symbol": 102}, "output": "C:\\Users\\Fernando\\.openclaw\\workspace\\proyectos\\analisis-mercados\\data\\trades_clean.csv"}
[2026-03-13T23:40:47] DATASET_QUALITY_EXITCODE=0
{"ok": true, "rows": 10, "report": "C:\\Users\\Fernando\\.openclaw\\workspace\\proyectos\\analisis-mercados\\reports\\walkforward_report.md"}
[2026-03-13T23:40:47] WALKFORWARD_EXITCODE=0
{"ok": true, "registry": "C:\\Users\\Fernando\\.openclaw\\workspace\\proyectos\\analisis-mercados\\models\\registry.json"}
[2026-03-13T23:40:48] REGISTRY_EXITCODE=0
{"as_of": "2026-03-13T22:40:48Z", "trades_7d": 465, "wins_7d": 253, "losses_7d": 164, "win_rate": 54.41, "expectancy_usd": 0.1991, "profit_factor": 7.008, "pnl_7d_usd": 92.6024, "max_drawdown_usd": 2.7889, "semaforo": "VERDE", "reason": "Edge consistente en ventana reciente", "by_ticker": {"DOGE": {"count": 36, "pnl": 0.3224849999999999}, "ETH": {"count": 40, "pnl": 0.690872}, "LTC": {"count": 16, "pnl": 0.21578200000000006}, "SOL": {"count": 23, "pnl": 0.23856400000000008}, "SUI": {"count": 22, "pnl": -0.04583099999999998}, "FLOW": {"count": 43, "pnl": 0.9875580000000006}, "XRP": {"count": 6, "pnl": -0.20979}, "LINK": {"count": 10, "pnl": 0.29067099999999996}, "AVAX": {"count": 17, "pnl": 0.607375}, "NEAR": {"count": 19, "pnl": -0.48003}, "AAVE": {"count": 17, "pnl": 0.284474}, "TRX": {"count": 5, "pnl": 0.07843900000000001}, "BTC": {"count": 9, "pnl": -0.128913}, "ADA": {"count": 2, "pnl": 0.175152}, "FET": {"count": 4, "pnl": 0.10911699999999999}, "RENDER": {"count": 20, "pnl": 0.402684}, "BNB": {"count": 3, "pnl": 0.024805000000000008}, "ICP": {"count": 10, "pnl": 0.10447599999999999}, "GRT": {"count": 3, "pnl": -0.33649100000000004}, "SHIB": {"count": 23, "pnl": 9.879589000000001}, "BONK": {"count": 61, "pnl": 79.92872999999999}, "INJ": {"count": 10, "pnl": -0.36202900000000005}, "UNI": {"count": 9, "pnl": -0.223625}, "SAND": {"count": 11, "pnl": 0.190568}, "ARB": {"count": 3, "pnl": 0.074121}, "GALA": {"count": 8, "pnl": 0.32302}, "OP": {"count": 9, "pnl": -0.18348399999999998}, "ATOM": {"count": 2, "pnl": -0.15873}, "SEI": {"count": 6, "pnl": -0.192803}, "ALGO": {"count": 7, "pnl": -0.06520600000000001}, "APT": {"count": 7, "pnl": -0.010191000000000013}, "ETC": {"count": 4, "pnl": 0.07100000000000002}}}
[2026-03-13T23:40:48] LEARNING_EXITCODE=0
{"as_of": "2026-03-13T22:40:48Z", "window": "7d", "orders_used": 465, "by_ticker": [{"key": "BONK", "count": 61, "wins": 61, "losses": 0, "win_rate": 100.0, "expectancy_usd": 1.3103, "pnl_usd": 79.9287}, {"key": "FLOW", "count": 43, "wins": 19, "losses": 24, "win_rate": 44.19, "expectancy_usd": 0.023, "pnl_usd": 0.9876}, {"key": "ETH", "count": 40, "wins": 21, "losses": 19, "win_rate": 52.5, "expectancy_usd": 0.0173, "pnl_usd": 0.6909}, {"key": "DOGE", "count": 36, "wins": 20, "losses": 16, "win_rate": 55.56, "expectancy_usd": 0.009, "pnl_usd": 0.3225}, {"key": "SHIB", "count": 23, "wins": 18, "losses": 5, "win_rate": 78.26, "expectancy_usd": 0.4295, "pnl_usd": 9.8796}, {"key": "SOL", "count": 23, "wins": 15, "losses": 7, "win_rate": 65.22, "expectancy_usd": 0.0104, "pnl_usd": 0.2386}, {"key": "SUI", "count": 22, "wins": 12, "losses": 10, "win_rate": 54.55, "expectancy_usd": -0.0021, "pnl_usd": -0.0458}, {"key": "RENDER", "count": 20, "wins": 3, "losses": 2, "win_rate": 15.0, "expectancy_usd": 0.0201, "pnl_usd": 0.4027}, {"key": "NEAR", "count": 19, "wins": 3, "losses": 5, "win_rate": 15.79, "expectancy_usd": -0.0253, "pnl_usd": -0.48}, {"key": "AVAX", "count": 17, "wins": 9, "losses": 6, "win_rate": 52.94, "expectancy_usd": 0.0357, "pnl_usd": 0.6074}, {"key": "AAVE", "count": 17, "wins": 9, "losses": 8, "win_rate": 52.94, "expectancy_usd": 0.0167, "pnl_usd": 0.2845}, {"key": "LTC", "count": 16, "wins": 10, "losses": 6, "win_rate": 62.5, "expectancy_usd": 0.0135, "pnl_usd": 0.2158}, {"key": "SAND", "count": 11, "wins": 7, "losses": 4, "win_rate": 63.64, "expectancy_usd": 0.0173, "pnl_usd": 0.1906}, {"key": "LINK", "count": 10, "wins": 3, "losses": 3, "win_rate": 30.0, "expectancy_usd": 0.0291, "pnl_usd": 0.2907}, {"key": "ICP", "count": 10, "wins": 4, "losses": 4, "win_rate": 40.0, "expectancy_usd": 0.0104, "pnl_usd": 0.1045}, {"key": "INJ", "count": 10, "wins": 1, "losses": 4, "win_rate": 10.0, "expectancy_usd": -0.0362, "pnl_usd": -0.362}, {"key": "BTC", "count": 9, "wins": 4, "losses": 5, "win_rate": 44.44, "expectancy_usd": -0.0143, "pnl_usd": -0.1289}, {"key": "OP", "count": 9, "wins": 5, "losses": 4, "win_rate": 55.56, "expectancy_usd": -0.0204, "pnl_usd": -0.1835}, {"key": "UNI", "count": 9, "wins": 3, "losses": 5, "win_rate": 33.33, "expectancy_usd": -0.0248, "pnl_usd": -0.2236}, {"key": "GALA", "count": 8, "wins": 5, "losses": 3, "win_rate": 62.5, "expectancy_usd": 0.0404, "pnl_usd": 0.323}, {"key": "APT", "count": 7, "wins": 4, "losses": 3, "win_rate": 57.14, "expectancy_usd": -0.0015, "pnl_usd": -0.0102}, {"key": "ALGO", "count": 7, "wins": 5, "losses": 2, "win_rate": 71.43, "expectancy_usd": -0.0093, "pnl_usd": -0.0652}, {"key": "SEI", "count": 6, "wins": 2, "losses": 4, "win_rate": 33.33, "expectancy_usd": -0.0321, "pnl_usd": -0.1928}, {"key": "XRP", "count": 6, "wins": 0, "losses": 1, "win_rate": 0.0, "expectancy_usd": -0.035, "pnl_usd": -0.2098}, {"key": "TRX", "count": 5, "wins": 3, "losses": 2, "win_rate": 60.0, "expectancy_usd": 0.0157, "pnl_usd": 0.0784}, {"key": "FET", "count": 4, "wins": 2, "losses": 2, "win_rate": 50.0, "expectancy_usd": 0.0273, "pnl_usd": 0.1091}, {"key": "ETC", "count": 4, "wins": 2, "losses": 1, "win_rate": 50.0, "expectancy_usd": 0.0178, "pnl_usd": 0.071}, {"key": "ARB", "count": 3, "wins": 1, "losses": 2, "win_rate": 33.33, "expectancy_usd": 0.0247, "pnl_usd": 0.0741}, {"key": "BNB", "count": 3, "wins": 1, "losses": 2, "win_rate": 33.33, "expectancy_usd": 0.0083, "pnl_usd": 0.0248}, {"key": "GRT", "count": 3, "wins": 0, "losses": 3, "win_rate": 0.0, "expectancy_usd": -0.1122, "pnl_usd": -0.3365}, {"key": "ADA", "count": 2, "wins": 1, "losses": 1, "win_rate": 50.0, "expectancy_usd": 0.0876, "pnl_usd": 0.1752}, {"key": "ATOM", "count": 2, "wins": 0, "losses": 1, "win_rate": 0.0, "expectancy_usd": -0.0794, "pnl_usd": -0.1587}], "by_result": [{"key": "timeout", "count": 327, "wins": 155, "losses": 124, "win_rate": 47.4, "expectancy_usd": 0.0119, "pnl_usd": 3.8937}, {"key": "ganada", "count": 98, "wins": 98, "losses": 0, "win_rate": 100.0, "expectancy_usd": 1.003, "pnl_usd": 98.2943}, {"key": "perdida", "count": 40, "wins": 0, "losses": 40, "win_rate": 0.0, "expectancy_usd": -0.2396, "pnl_usd": -9.5856}], "by_hour_bucket_utc": [{"key": "16-23", "count": 200, "wins": 119, "losses": 59, "win_rate": 59.5, "expectancy_usd": 0.3166, "pnl_usd": 63.3138}, {"key": "08-15", "count": 173, "wins": 98, "losses": 59, "win_rate": 56.65, "expectancy_usd": 0.1745, "pnl_usd": 30.1825}, {"key": "00-07", "count": 92, "wins": 36, "losses": 46, "win_rate": 39.13, "expectancy_usd": -0.0097, "pnl_usd": -0.894}], "by_risk_mode": [{"key": "scalp_intradia", "count": 229, "wins": 97, "losses": 96, "win_rate": 42.36, "expectancy_usd": 0.0104, "pnl_usd": 2.389}, {"key": "normal", "count": 218, "wins": 144, "losses": 63, "win_rate": 66.06, "expectancy_usd": 0.4051, "pnl_usd": 88.3222}, {"key": "defensive", "count": 18, "wins": 12, "losses": 5, "win_rate": 66.67, "expectancy_usd": 0.1051, "pnl_usd": 1.8912}]}
[2026-03-13T23:40:48] EDGE_BREAKDOWN_EXITCODE=0
{"as_of": "2026-03-13T22:40:48Z", "policy": {"core": "count>=15, expectancy>0.015, win_rate>=52, pnl>0", "watch": "muestra insuficiente o edge mixed", "excluded": "manual/stablecoin o count>=10 con expectancy<0 o win_rate<35"}, "core": ["BONK", "ETH", "SHIB", "AVAX", "AAVE"], "watch": ["FLOW", "DOGE", "SOL", "LTC", "SAND", "ICP", "BTC", "OP", "UNI", "GALA", "APT", "ALGO", "SEI", "XRP", "TRX", "FET", "ETC", "ARB", "BNB", "GRT", "ADA", "ATOM"], "excluded": ["BUSD", "DAI", "FDUSD", "INJ", "LINK", "NEAR", "PEPE", "RENDER", "SUI", "TUSD", "USDC", "USDE", "USDT"], "details": [{"ticker": "BONK", "bucket": "core", "reason": "edge suficiente en ventana reciente", "count": 61, "win_rate": 100.0, "expectancy_usd": 1.3103, "pnl_usd": 79.9287}, {"ticker": "FLOW", "bucket": "watch", "reason": "seguir observando antes de promover o expulsar", "count": 43, "win_rate": 44.19, "expectancy_usd": 0.023, "pnl_usd": 0.9876}, {"ticker": "ETH", "bucket": "core", "reason": "edge suficiente en ventana reciente", "count": 40, "win_rate": 52.5, "expectancy_usd": 0.0173, "pnl_usd": 0.6909}, {"ticker": "DOGE", "bucket": "watch", "reason": "seguir observando antes de promover o expulsar", "count": 36, "win_rate": 55.56, "expectancy_usd": 0.009, "pnl_usd": 0.3225}, {"ticker": "SHIB", "bucket": "core", "reason": "edge suficiente en ventana reciente", "count": 23, "win_rate": 78.26, "expectancy_usd": 0.4295, "pnl_usd": 9.8796}, {"ticker": "SOL", "bucket": "watch", "reason": "seguir observando antes de promover o expulsar", "count": 23, "win_rate": 65.22, "expectancy_usd": 0.0104, "pnl_usd": 0.2386}, {"ticker": "SUI", "bucket": "excluded", "reason": "deterioro claro en ventana reciente", "count": 22, "win_rate": 54.55, "expectancy_usd": -0.0021, "pnl_usd": -0.0458}, {"ticker": "RENDER", "bucket": "excluded", "reason": "deterioro claro en ventana reciente", "count": 20, "win_rate": 15.0, "expectancy_usd": 0.0201, "pnl_usd": 0.4027}, {"ticker": "NEAR", "bucket": "excluded", "reason": "deterioro claro en ventana reciente", "count": 19, "win_rate": 15.79, "expectancy_usd": -0.0253, "pnl_usd": -0.48}, {"ticker": "AVAX", "bucket": "core", "reason": "edge suficiente en ventana reciente", "count": 17, "win_rate": 52.94, "expectancy_usd": 0.0357, "pnl_usd": 0.6074}, {"ticker": "AAVE", "bucket": "core", "reason": "edge suficiente en ventana reciente", "count": 17, "win_rate": 52.94, "expectancy_usd": 0.0167, "pnl_usd": 0.2845}, {"ticker": "LTC", "bucket": "watch", "reason": "seguir observando antes de promover o expulsar", "count": 16, "win_rate": 62.5, "expectancy_usd": 0.0135, "pnl_usd": 0.2158}, {"ticker": "SAND", "bucket": "watch", "reason": "seguir observando antes de promover o expulsar", "count": 11, "win_rate": 63.64, "expectancy_usd": 0.0173, "pnl_usd": 0.1906}, {"ticker": "LINK", "bucket": "excluded", "reason": "deterioro claro en ventana reciente", "count": 10, "win_rate": 30.0, "expectancy_usd": 0.0291, "pnl_usd": 0.2907}, {"ticker": "ICP", "bucket": "watch", "reason": "seguir observando antes de promover o expulsar", "count": 10, "win_rate": 40.0, "expectancy_usd": 0.0104, "pnl_usd": 0.1045}, {"ticker": "INJ", "bucket": "excluded", "reason": "deterioro claro en ventana reciente", "count": 10, "win_rate": 10.0, "expectancy_usd": -0.0362, "pnl_usd": -0.362}, {"ticker": "BTC", "bucket": "watch", "reason": "seguir observando antes de promover o expulsar", "count": 9, "win_rate": 44.44, "expectancy_usd": -0.0143, "pnl_usd": -0.1289}, {"ticker": "OP", "bucket": "watch", "reason": "seguir observando antes de promover o expulsar", "count": 9, "win_rate": 55.56, "expectancy_usd": -0.0204, "pnl_usd": -0.1835}, {"ticker": "UNI", "bucket": "watch", "reason": "seguir observando antes de promover o expulsar", "count": 9, "win_rate": 33.33, "expectancy_usd": -0.0248, "pnl_usd": -0.2236}, {"ticker": "GALA", "bucket": "watch", "reason": "seguir observando antes de promover o expulsar", "count": 8, "win_rate": 62.5, "expectancy_usd": 0.0404, "pnl_usd": 0.323}, {"ticker": "APT", "bucket": "watch", "reason": "seguir observando antes de promover o expulsar", "count": 7, "win_rate": 57.14, "expectancy_usd": -0.0015, "pnl_usd": -0.0102}, {"ticker": "ALGO", "bucket": "watch", "reason": "seguir observando antes de promover o expulsar", "count": 7, "win_rate": 71.43, "expectancy_usd": -0.0093, "pnl_usd": -0.0652}, {"ticker": "SEI", "bucket": "watch", "reason": "seguir observando antes de promover o expulsar", "count": 6, "win_rate": 33.33, "expectancy_usd": -0.0321, "pnl_usd": -0.1928}, {"ticker": "XRP", "bucket": "watch", "reason": "seguir observando antes de promover o expulsar", "count": 6, "win_rate": 0.0, "expectancy_usd": -0.035, "pnl_usd": -0.2098}, {"ticker": "TRX", "bucket": "watch", "reason": "seguir observando antes de promover o expulsar", "count": 5, "win_rate": 60.0, "expectancy_usd": 0.0157, "pnl_usd": 0.0784}, {"ticker": "FET", "bucket": "watch", "reason": "muestra insuficiente", "count": 4, "win_rate": 50.0, "expectancy_usd": 0.0273, "pnl_usd": 0.1091}, {"ticker": "ETC", "bucket": "watch", "reason": "muestra insuficiente", "count": 4, "win_rate": 50.0, "expectancy_usd": 0.0178, "pnl_usd": 0.071}, {"ticker": "ARB", "bucket": "watch", "reason": "muestra insuficiente", "count": 3, "win_rate": 33.33, "expectancy_usd": 0.0247, "pnl_usd": 0.0741}, {"ticker": "BNB", "bucket": "watch", "reason": "muestra insuficiente", "count": 3, "win_rate": 33.33, "expectancy_usd": 0.0083, "pnl_usd": 0.0248}, {"ticker": "GRT", "bucket": "watch", "reason": "muestra insuficiente", "count": 3, "win_rate": 0.0, "expectancy_usd": -0.1122, "pnl_usd": -0.3365}, {"ticker": "ADA", "bucket": "watch", "reason": "muestra insuficiente", "count": 2, "win_rate": 50.0, "expectancy_usd": 0.0876, "pnl_usd": 0.1752}, {"ticker": "ATOM", "bucket": "watch", "reason": "muestra insuficiente", "count": 2, "win_rate": 0.0, "expectancy_usd": -0.0794, "pnl_usd": -0.1587}]}
[2026-03-13T23:40:48] UNIVERSE_EXITCODE=0
OK crypto snapshot -> C:\Users\Fernando\.openclaw\workspace\proyectos\analisis-mercados\data\crypto_snapshot_free.json
[2026-03-13T23:41:03] SNAPSHOT_EXITCODE=0
