[2026-03-05T08:33:03] START train_lstm_daily
{"ok": true, "model": "C:\\Users\\Fernando\\.openclaw\\workspace\\proyectos\\analisis-mercados\\models\\lstm_BTCUSDT.pt", "val_mse": 0.00160978}
[2026-03-05T08:33:11] EXITCODE=0
[2026-03-05T17:12:02] START train_lstm_daily
{"started_at": "2026-03-05T16:12:02.827555+00:00", "symbols": {"BTCUSDT": {"rows_written": 0, "file": "C:\\Users\\Fernando\\.openclaw\\workspace\\proyectos\\analisis-mercados\\data\\history\\BTCUSDT_15m.csv", "last_open_time": "2026-03-05T16:00:00.001000+00:00"}, "SOLUSDT": {"rows_written": 0, "file": "C:\\Users\\Fernando\\.openclaw\\workspace\\proyectos\\analisis-mercados\\data\\history\\SOLUSDT_15m.csv", "last_open_time": "2026-03-05T16:00:00.001000+00:00"}}, "finished_at": "2026-03-05T16:12:03.447266+00:00"}
[2026-03-05T17:12:03] HISTORY_EXITCODE=0
{"ok": true, "model": "C:\\Users\\Fernando\\.openclaw\\workspace\\proyectos\\analisis-mercados\\models\\lstm_BTCUSDT.pt", "val_mse": 0.0006312}
[2026-03-05T17:12:07] BTC_EXITCODE=0
{"ok": true, "model": "C:\\Users\\Fernando\\.openclaw\\workspace\\proyectos\\analisis-mercados\\models\\lstm_SOLUSDT.pt", "val_mse": 0.00022414}
[2026-03-05T17:12:12] SOL_EXITCODE=0
{"as_of": "2026-03-05T16:12:12Z", "trades_7d": 99, "wins_7d": 63, "losses_7d": 22, "win_rate": 63.64, "expectancy_usd": 0.1834, "profit_factor": 8.022, "pnl_7d_usd": 18.1523, "max_drawdown_usd": 1.5928, "semaforo": "VERDE", "reason": "Edge consistente en ventana reciente", "by_ticker": {"SOL": {"count": 15, "pnl": 3.0566390000000006}, "LTC": {"count": 2, "pnl": 1.40325}, "AVAX": {"count": 3, "pnl": 1.973151}, "ETH": {"count": 13, "pnl": 3.3904069999999997}, "SUI": {"count": 5, "pnl": 2.314531}, "INJ": {"count": 1, "pnl": 0.363036}, "BTC": {"count": 16, "pnl": 1.9249849999999997}, "LINK": {"count": 1, "pnl": 0.403587}, "GALA": {"count": 1, "pnl": -0.062992}, "BNB": {"count": 9, "pnl": 0.32594999999999996}, "BCH": {"count": 1, "pnl": 0.276452}, "ARB": {"count": 2, "pnl": 0.506351}, "OP": {"count": 6, "pnl": -0.06364000000000006}, "FIL": {"count": 2, "pnl": 0.386639}, "APT": {"count": 2, "pnl": 0.35539}, "UNI": {"count": 2, "pnl": 0.532995}, "DOT": {"count": 1, "pnl": 0.592105}, "ICP": {"count": 3, "pnl": -0.11811}, "AAVE": {"count": 5, "pnl": 0.24105900000000005}, "WLD": {"count": 1, "pnl": -0.019481}, "USDC": {"count": 3, "pnl": 0.0006000000000000002}, "DOGE": {"count": 3, "pnl": 0.369406}, "XRP": {"count": 2, "pnl": 0.0}}}
[2026-03-05T17:12:12] LEARNING_EXITCODE=0
[2026-03-05T17:48:48] START train_lstm_daily
{"started_at": "2026-03-05T16:48:48.727627+00:00", "symbols": {"BTCUSDT": {"rows_written": 3, "file": "C:\\Users\\Fernando\\.openclaw\\workspace\\proyectos\\analisis-mercados\\data\\history\\BTCUSDT_15m.csv", "last_open_time": "2026-03-05T16:45:00.001000+00:00"}, "SOLUSDT": {"rows_written": 3, "file": "C:\\Users\\Fernando\\.openclaw\\workspace\\proyectos\\analisis-mercados\\data\\history\\SOLUSDT_15m.csv", "last_open_time": "2026-03-05T16:45:00.001000+00:00"}}, "finished_at": "2026-03-05T16:48:50.459549+00:00"}
[2026-03-05T17:48:50] HISTORY_EXITCODE=0
{"ok": true, "model": "C:\\Users\\Fernando\\.openclaw\\workspace\\proyectos\\analisis-mercados\\models\\lstm_BTCUSDT.pt", "val_mse": 0.00204703}
[2026-03-05T17:48:54] BTC_EXITCODE=0
{"ok": true, "model": "C:\\Users\\Fernando\\.openclaw\\workspace\\proyectos\\analisis-mercados\\models\\lstm_SOLUSDT.pt", "val_mse": 0.00087553}
[2026-03-05T17:48:58] SOL_EXITCODE=0
{"as_of": "2026-03-05T16:48:58.929105+00:00", "source": "C:\\Users\\Fernando\\.openclaw\\workspace\\proyectos\\analisis-mercados\\data\\crypto_orders_sim.json", "rows_raw": 99, "rows_clean": 0, "duplicates_removed": 0, "rows_dropped_nulls": 99, "output": "C:\\Users\\Fernando\\.openclaw\\workspace\\proyectos\\analisis-mercados\\data\\trades_clean.csv"}
[2026-03-05T17:48:58] DATASET_QUALITY_EXITCODE=0
{"ok": true, "rows": 10, "report": "C:\\Users\\Fernando\\.openclaw\\workspace\\proyectos\\analisis-mercados\\reports\\walkforward_report.md"}
[2026-03-05T17:48:59] WALKFORWARD_EXITCODE=0
{"ok": true, "registry": "C:\\Users\\Fernando\\.openclaw\\workspace\\proyectos\\analisis-mercados\\models\\registry.json"}
[2026-03-05T17:48:59] REGISTRY_EXITCODE=0
{"as_of": "2026-03-05T16:48:59Z", "trades_7d": 99, "wins_7d": 63, "losses_7d": 22, "win_rate": 63.64, "expectancy_usd": 0.1834, "profit_factor": 8.022, "pnl_7d_usd": 18.1523, "max_drawdown_usd": 1.5928, "semaforo": "VERDE", "reason": "Edge consistente en ventana reciente", "by_ticker": {"SOL": {"count": 15, "pnl": 3.0566390000000006}, "LTC": {"count": 2, "pnl": 1.40325}, "AVAX": {"count": 3, "pnl": 1.973151}, "ETH": {"count": 13, "pnl": 3.3904069999999997}, "SUI": {"count": 5, "pnl": 2.314531}, "INJ": {"count": 1, "pnl": 0.363036}, "BTC": {"count": 16, "pnl": 1.9249849999999997}, "LINK": {"count": 1, "pnl": 0.403587}, "GALA": {"count": 1, "pnl": -0.062992}, "BNB": {"count": 9, "pnl": 0.32594999999999996}, "BCH": {"count": 1, "pnl": 0.276452}, "ARB": {"count": 2, "pnl": 0.506351}, "OP": {"count": 6, "pnl": -0.06364000000000006}, "FIL": {"count": 2, "pnl": 0.386639}, "APT": {"count": 2, "pnl": 0.35539}, "UNI": {"count": 2, "pnl": 0.532995}, "DOT": {"count": 1, "pnl": 0.592105}, "ICP": {"count": 3, "pnl": -0.11811}, "AAVE": {"count": 5, "pnl": 0.24105900000000005}, "WLD": {"count": 1, "pnl": -0.019481}, "USDC": {"count": 3, "pnl": 0.0006000000000000002}, "DOGE": {"count": 3, "pnl": 0.369406}, "XRP": {"count": 2, "pnl": 0.0}}}
[2026-03-05T17:48:59] LEARNING_EXITCODE=0
[2026-03-05T23:40:00] START train_lstm_daily
{"as_of": "2026-03-05T22:40:00.807807+00:00", "ok": true, "sources": [{"symbol": "BTCUSDT", "url": "https://www.cryptodatadownload.com/cdd/Binance_BTCUSDT_d.csv", "rows": 3120, "file": "C:\\Users\\Fernando\\.openclaw\\workspace\\proyectos\\analisis-mercados\\data\\history\\public_ohlcv\\BTCUSDT_d.csv", "ok": true}, {"symbol": "SOLUSDT", "url": "https://www.cryptodatadownload.com/cdd/Binance_SOLUSDT_d.csv", "rows": 2030, "file": "C:\\Users\\Fernando\\.openclaw\\workspace\\proyectos\\analisis-mercados\\data\\history\\public_ohlcv\\SOLUSDT_d.csv", "ok": true}, {"symbol": "ETHUSDT", "url": "https://www.cryptodatadownload.com/cdd/Binance_ETHUSDT_d.csv", "rows": 3120, "file": "C:\\Users\\Fernando\\.openclaw\\workspace\\proyectos\\analisis-mercados\\data\\history\\public_ohlcv\\ETHUSDT_d.csv", "ok": true}]}
[2026-03-05T23:40:03] PUBLIC_OHLCV_EXITCODE=0
{"started_at": "2026-03-05T22:40:03.522344+00:00", "symbols": {"BTCUSDT": {"rows_written": 23, "file": "C:\\Users\\Fernando\\.openclaw\\workspace\\proyectos\\analisis-mercados\\data\\history\\BTCUSDT_15m.csv", "last_open_time": "2026-03-05T22:30:00.001000+00:00"}, "SOLUSDT": {"rows_written": 23, "file": "C:\\Users\\Fernando\\.openclaw\\workspace\\proyectos\\analisis-mercados\\data\\history\\SOLUSDT_15m.csv", "last_open_time": "2026-03-05T22:30:00.001000+00:00"}}, "finished_at": "2026-03-05T22:40:05.216876+00:00"}
[2026-03-05T23:40:05] HISTORY_EXITCODE=0
{"ok": true, "model": "C:\\Users\\Fernando\\.openclaw\\workspace\\proyectos\\analisis-mercados\\models\\lstm_BTCUSDT.pt", "val_mse": 0.00019168}
[2026-03-05T23:40:21] BTC_EXITCODE=0
{"ok": true, "model": "C:\\Users\\Fernando\\.openclaw\\workspace\\proyectos\\analisis-mercados\\models\\lstm_SOLUSDT.pt", "val_mse": 8.502e-05}
[2026-03-05T23:40:34] SOL_EXITCODE=0
{"as_of": "2026-03-05T22:40:34.572125+00:00", "source": "C:\\Users\\Fernando\\.openclaw\\workspace\\proyectos\\analisis-mercados\\data\\crypto_orders_sim.json", "rows_raw": 124, "rows_clean": 0, "duplicates_removed": 0, "rows_dropped_nulls": 124, "output": "C:\\Users\\Fernando\\.openclaw\\workspace\\proyectos\\analisis-mercados\\data\\trades_clean.csv"}
[2026-03-05T23:40:34] DATASET_QUALITY_EXITCODE=0
{"ok": true, "rows": 10, "report": "C:\\Users\\Fernando\\.openclaw\\workspace\\proyectos\\analisis-mercados\\reports\\walkforward_report.md"}
[2026-03-05T23:40:34] WALKFORWARD_EXITCODE=0
{"ok": true, "registry": "C:\\Users\\Fernando\\.openclaw\\workspace\\proyectos\\analisis-mercados\\models\\registry.json"}
[2026-03-05T23:40:34] REGISTRY_EXITCODE=0
{"as_of": "2026-03-05T22:40:34Z", "trades_7d": 124, "wins_7d": 75, "losses_7d": 35, "win_rate": 60.48, "expectancy_usd": 0.1523, "profit_factor": 6.334, "pnl_7d_usd": 18.8826, "max_drawdown_usd": 1.5928, "semaforo": "VERDE", "reason": "Edge consistente en ventana reciente", "by_ticker": {"SOL": {"count": 15, "pnl": 3.0566390000000006}, "LTC": {"count": 2, "pnl": 1.40325}, "AVAX": {"count": 3, "pnl": 1.973151}, "ETH": {"count": 13, "pnl": 3.3904069999999997}, "SUI": {"count": 9, "pnl": 2.9170130000000007}, "INJ": {"count": 1, "pnl": 0.363036}, "BTC": {"count": 19, "pnl": 1.7213969999999996}, "LINK": {"count": 3, "pnl": 0.40372699999999995}, "GALA": {"count": 1, "pnl": -0.062992}, "BNB": {"count": 9, "pnl": 0.32594999999999996}, "BCH": {"count": 1, "pnl": 0.276452}, "ARB": {"count": 3, "pnl": 0.438668}, "OP": {"count": 9, "pnl": -0.014199000000000052}, "FIL": {"count": 2, "pnl": 0.386639}, "APT": {"count": 2, "pnl": 0.35539}, "UNI": {"count": 2, "pnl": 0.532995}, "DOT": {"count": 1, "pnl": 0.592105}, "ICP": {"count": 3, "pnl": -0.11811}, "AAVE": {"count": 15, "pnl": 0.5957600000000001}, "WLD": {"count": 1, "pnl": -0.019481}, "USDC": {"count": 5, "pnl": -0.00459}, "DOGE": {"count": 3, "pnl": 0.369406}, "XRP": {"count": 2, "pnl": 0.0}}}
[2026-03-05T23:40:35] LEARNING_EXITCODE=0
[2026-03-06T23:40:01] START train_lstm_daily
{"as_of": "2026-03-06T22:40:02.117276+00:00", "ok": true, "sources": [{"symbol": "BTCUSDT", "url": "https://www.cryptodatadownload.com/cdd/Binance_BTCUSDT_d.csv", "rows": 3121, "file": "C:\\Users\\Fernando\\.openclaw\\workspace\\proyectos\\analisis-mercados\\data\\history\\public_ohlcv\\BTCUSDT_d.csv", "ok": true}, {"symbol": "SOLUSDT", "url": "https://www.cryptodatadownload.com/cdd/Binance_SOLUSDT_d.csv", "rows": 2031, "file": "C:\\Users\\Fernando\\.openclaw\\workspace\\proyectos\\analisis-mercados\\data\\history\\public_ohlcv\\SOLUSDT_d.csv", "ok": true}, {"symbol": "ETHUSDT", "url": "https://www.cryptodatadownload.com/cdd/Binance_ETHUSDT_d.csv", "rows": 3121, "file": "C:\\Users\\Fernando\\.openclaw\\workspace\\proyectos\\analisis-mercados\\data\\history\\public_ohlcv\\ETHUSDT_d.csv", "ok": true}]}
[2026-03-06T23:40:04] PUBLIC_OHLCV_EXITCODE=0
{"started_at": "2026-03-06T22:40:04.821464+00:00", "symbols": {"BTCUSDT": {"rows_written": 96, "file": "C:\\Users\\Fernando\\.openclaw\\workspace\\proyectos\\analisis-mercados\\data\\history\\BTCUSDT_15m.csv", "last_open_time": "2026-03-06T22:30:00.001000+00:00"}, "SOLUSDT": {"rows_written": 96, "file": "C:\\Users\\Fernando\\.openclaw\\workspace\\proyectos\\analisis-mercados\\data\\history\\SOLUSDT_15m.csv", "last_open_time": "2026-03-06T22:30:00.001000+00:00"}}, "finished_at": "2026-03-06T22:40:06.537759+00:00"}
[2026-03-06T23:40:06] HISTORY_EXITCODE=0
{"ok": true, "model": "C:\\Users\\Fernando\\.openclaw\\workspace\\proyectos\\analisis-mercados\\models\\lstm_BTCUSDT.pt", "val_mse": 0.00276778}
[2026-03-06T23:40:22] BTC_EXITCODE=0
{"ok": true, "model": "C:\\Users\\Fernando\\.openclaw\\workspace\\proyectos\\analisis-mercados\\models\\lstm_SOLUSDT.pt", "val_mse": 0.00402735}
[2026-03-06T23:40:35] SOL_EXITCODE=0
{"as_of": "2026-03-06T22:40:35.566339+00:00", "source": "C:\\Users\\Fernando\\.openclaw\\workspace\\proyectos\\analisis-mercados\\data\\crypto_orders_sim.json", "rows_raw": 178, "rows_clean": 0, "duplicates_removed": 0, "rows_dropped_nulls": 178, "output": "C:\\Users\\Fernando\\.openclaw\\workspace\\proyectos\\analisis-mercados\\data\\trades_clean.csv"}
[2026-03-06T23:40:35] DATASET_QUALITY_EXITCODE=0
{"ok": true, "rows": 10, "report": "C:\\Users\\Fernando\\.openclaw\\workspace\\proyectos\\analisis-mercados\\reports\\walkforward_report.md"}
[2026-03-06T23:40:35] WALKFORWARD_EXITCODE=0
{"ok": true, "registry": "C:\\Users\\Fernando\\.openclaw\\workspace\\proyectos\\analisis-mercados\\models\\registry.json"}
[2026-03-06T23:40:36] REGISTRY_EXITCODE=0
{"as_of": "2026-03-06T22:40:36Z", "trades_7d": 178, "wins_7d": 91, "losses_7d": 52, "win_rate": 51.12, "expectancy_usd": 0.1726, "profit_factor": 6.925, "pnl_7d_usd": 30.7184, "max_drawdown_usd": 1.5928, "semaforo": "VERDE", "reason": "Edge consistente en ventana reciente", "by_ticker": {"SOL": {"count": 16, "pnl": 2.8681080000000003}, "LTC": {"count": 2, "pnl": 1.40325}, "AVAX": {"count": 3, "pnl": 1.973151}, "ETH": {"count": 14, "pnl": 3.3177039999999995}, "SUI": {"count": 10, "pnl": 2.8483740000000006}, "INJ": {"count": 1, "pnl": 0.363036}, "BTC": {"count": 20, "pnl": 1.7066779999999997}, "LINK": {"count": 5, "pnl": 0.3390369999999999}, "GALA": {"count": 1, "pnl": -0.062992}, "BNB": {"count": 9, "pnl": 0.32594999999999996}, "BCH": {"count": 1, "pnl": 0.276452}, "ARB": {"count": 3, "pnl": 0.438668}, "OP": {"count": 12, "pnl": 0.04414899999999995}, "FIL": {"count": 2, "pnl": 0.386639}, "APT": {"count": 2, "pnl": 0.35539}, "UNI": {"count": 2, "pnl": 0.532995}, "DOT": {"count": 1, "pnl": 0.592105}, "ICP": {"count": 3, "pnl": -0.11811}, "AAVE": {"count": 17, "pnl": 0.605931}, "WLD": {"count": 1, "pnl": -0.019481}, "USDC": {"count": 13, "pnl": -0.0035100000000000005}, "DOGE": {"count": 5, "pnl": 0.40266599999999997}, "XRP": {"count": 2, "pnl": 0.0}, "NEAR": {"count": 30, "pnl": 0.015219000000000038}, "PEPE": {"count": 3, "pnl": 12.126985000000001}}}
[2026-03-06T23:40:36] LEARNING_EXITCODE=0
[2026-03-07T23:40:01] START train_lstm_daily
{"as_of": "2026-03-07T22:40:02.227466+00:00", "ok": true, "sources": [{"symbol": "BTCUSDT", "url": "https://www.cryptodatadownload.com/cdd/Binance_BTCUSDT_d.csv", "rows": 3122, "file": "C:\\Users\\Fernando\\.openclaw\\workspace\\proyectos\\analisis-mercados\\data\\history\\public_ohlcv\\BTCUSDT_d.csv", "ok": true}, {"symbol": "SOLUSDT", "url": "https://www.cryptodatadownload.com/cdd/Binance_SOLUSDT_d.csv", "rows": 2032, "file": "C:\\Users\\Fernando\\.openclaw\\workspace\\proyectos\\analisis-mercados\\data\\history\\public_ohlcv\\SOLUSDT_d.csv", "ok": true}, {"symbol": "ETHUSDT", "url": "https://www.cryptodatadownload.com/cdd/Binance_ETHUSDT_d.csv", "rows": 3122, "file": "C:\\Users\\Fernando\\.openclaw\\workspace\\proyectos\\analisis-mercados\\data\\history\\public_ohlcv\\ETHUSDT_d.csv", "ok": true}]}
[2026-03-07T23:40:04] PUBLIC_OHLCV_EXITCODE=0
{"started_at": "2026-03-07T22:40:04.892790+00:00", "symbols": {"BTCUSDT": {"rows_written": 96, "file": "C:\\Users\\Fernando\\.openclaw\\workspace\\proyectos\\analisis-mercados\\data\\history\\BTCUSDT_15m.csv", "last_open_time": "2026-03-07T22:30:00.001000+00:00"}, "SOLUSDT": {"rows_written": 96, "file": "C:\\Users\\Fernando\\.openclaw\\workspace\\proyectos\\analisis-mercados\\data\\history\\SOLUSDT_15m.csv", "last_open_time": "2026-03-07T22:30:00.001000+00:00"}}, "finished_at": "2026-03-07T22:40:06.624670+00:00"}
[2026-03-07T23:40:06] HISTORY_EXITCODE=0
{"ok": true, "model": "C:\\Users\\Fernando\\.openclaw\\workspace\\proyectos\\analisis-mercados\\models\\lstm_BTCUSDT.pt", "val_mse": 1.609e-05}
[2026-03-07T23:40:20] BTC_EXITCODE=0
{"ok": true, "model": "C:\\Users\\Fernando\\.openclaw\\workspace\\proyectos\\analisis-mercados\\models\\lstm_SOLUSDT.pt", "val_mse": 0.00059685}
[2026-03-07T23:40:32] SOL_EXITCODE=0
{"as_of": "2026-03-07T22:40:32.929912+00:00", "source": "C:\\Users\\Fernando\\.openclaw\\workspace\\proyectos\\analisis-mercados\\data\\crypto_orders_sim.json", "rows_raw": 257, "rows_clean": 0, "duplicates_removed": 0, "rows_dropped_nulls": 257, "output": "C:\\Users\\Fernando\\.openclaw\\workspace\\proyectos\\analisis-mercados\\data\\trades_clean.csv"}
[2026-03-07T23:40:32] DATASET_QUALITY_EXITCODE=0
{"ok": true, "rows": 10, "report": "C:\\Users\\Fernando\\.openclaw\\workspace\\proyectos\\analisis-mercados\\reports\\walkforward_report.md"}
[2026-03-07T23:40:33] WALKFORWARD_EXITCODE=0
{"ok": true, "registry": "C:\\Users\\Fernando\\.openclaw\\workspace\\proyectos\\analisis-mercados\\models\\registry.json"}
[2026-03-07T23:40:33] REGISTRY_EXITCODE=0
{"as_of": "2026-03-07T22:40:33Z", "trades_7d": 257, "wins_7d": 139, "losses_7d": 77, "win_rate": 54.09, "expectancy_usd": 0.4835, "profit_factor": 18.049, "pnl_7d_usd": 124.2719, "max_drawdown_usd": 1.5928, "semaforo": "VERDE", "reason": "Edge consistente en ventana reciente", "by_ticker": {"SOL": {"count": 20, "pnl": 2.8931590000000003}, "LTC": {"count": 7, "pnl": 1.420002}, "AVAX": {"count": 5, "pnl": 1.9065949999999998}, "ETH": {"count": 22, "pnl": 3.245817999999999}, "SUI": {"count": 16, "pnl": 2.6948880000000006}, "INJ": {"count": 1, "pnl": 0.363036}, "BTC": {"count": 20, "pnl": 1.7066779999999997}, "LINK": {"count": 8, "pnl": 0.30498499999999995}, "GALA": {"count": 1, "pnl": -0.062992}, "BNB": {"count": 9, "pnl": 0.32594999999999996}, "BCH": {"count": 1, "pnl": 0.276452}, "ARB": {"count": 3, "pnl": 0.438668}, "OP": {"count": 12, "pnl": 0.04414899999999995}, "FIL": {"count": 2, "pnl": 0.386639}, "APT": {"count": 2, "pnl": 0.35539}, "UNI": {"count": 2, "pnl": 0.532995}, "DOT": {"count": 1, "pnl": 0.592105}, "ICP": {"count": 3, "pnl": -0.11811}, "AAVE": {"count": 17, "pnl": 0.605931}, "WLD": {"count": 1, "pnl": -0.019481}, "USDC": {"count": 15, "pnl": -0.0041400000000000005}, "DOGE": {"count": 13, "pnl": 0.553537}, "XRP": {"count": 5, "pnl": 0.0}, "NEAR": {"count": 30, "pnl": 0.015219000000000038}, "PEPE": {"count": 31, "pnl": 106.790916}, "FLOW": {"count": 10, "pnl": -0.9764759999999999}}}
[2026-03-07T23:40:33] LEARNING_EXITCODE=0
[2026-03-08T23:40:01] START train_lstm_daily
{"as_of": "2026-03-08T22:40:02.236017+00:00", "ok": true, "sources": [{"symbol": "BTCUSDT", "url": "https://www.cryptodatadownload.com/cdd/Binance_BTCUSDT_d.csv", "rows": 3123, "file": "C:\\Users\\Fernando\\.openclaw\\workspace\\proyectos\\analisis-mercados\\data\\history\\public_ohlcv\\BTCUSDT_d.csv", "ok": true}, {"symbol": "SOLUSDT", "url": "https://www.cryptodatadownload.com/cdd/Binance_SOLUSDT_d.csv", "rows": 2033, "file": "C:\\Users\\Fernando\\.openclaw\\workspace\\proyectos\\analisis-mercados\\data\\history\\public_ohlcv\\SOLUSDT_d.csv", "ok": true}, {"symbol": "ETHUSDT", "url": "https://www.cryptodatadownload.com/cdd/Binance_ETHUSDT_d.csv", "rows": 3123, "file": "C:\\Users\\Fernando\\.openclaw\\workspace\\proyectos\\analisis-mercados\\data\\history\\public_ohlcv\\ETHUSDT_d.csv", "ok": true}]}
[2026-03-08T23:40:04] PUBLIC_OHLCV_EXITCODE=0
{"started_at": "2026-03-08T22:40:04.891597+00:00", "symbols": {"BTCUSDT": {"rows_written": 96, "file": "C:\\Users\\Fernando\\.openclaw\\workspace\\proyectos\\analisis-mercados\\data\\history\\BTCUSDT_15m.csv", "last_open_time": "2026-03-08T22:30:00.001000+00:00"}, "SOLUSDT": {"rows_written": 96, "file": "C:\\Users\\Fernando\\.openclaw\\workspace\\proyectos\\analisis-mercados\\data\\history\\SOLUSDT_15m.csv", "last_open_time": "2026-03-08T22:30:00.001000+00:00"}}, "finished_at": "2026-03-08T22:40:06.601423+00:00"}
[2026-03-08T23:40:06] HISTORY_EXITCODE=0
{"ok": true, "model": "C:\\Users\\Fernando\\.openclaw\\workspace\\proyectos\\analisis-mercados\\models\\lstm_BTCUSDT.pt", "val_mse": 0.00524849}
[2026-03-08T23:40:23] BTC_EXITCODE=0
{"ok": true, "model": "C:\\Users\\Fernando\\.openclaw\\workspace\\proyectos\\analisis-mercados\\models\\lstm_SOLUSDT.pt", "val_mse": 0.00013053}
[2026-03-08T23:40:38] SOL_EXITCODE=0
{"as_of": "2026-03-08T22:40:38.603714+00:00", "source": "C:\\Users\\Fernando\\.openclaw\\workspace\\proyectos\\analisis-mercados\\data\\crypto_orders_sim.json", "rows_raw": 278, "rows_clean": 0, "duplicates_removed": 0, "rows_dropped_nulls": 278, "output": "C:\\Users\\Fernando\\.openclaw\\workspace\\proyectos\\analisis-mercados\\data\\trades_clean.csv"}
[2026-03-08T23:40:38] DATASET_QUALITY_EXITCODE=0
{"ok": true, "rows": 10, "report": "C:\\Users\\Fernando\\.openclaw\\workspace\\proyectos\\analisis-mercados\\reports\\walkforward_report.md"}
[2026-03-08T23:40:38] WALKFORWARD_EXITCODE=0
{"ok": true, "registry": "C:\\Users\\Fernando\\.openclaw\\workspace\\proyectos\\analisis-mercados\\models\\registry.json"}
[2026-03-08T23:40:39] REGISTRY_EXITCODE=0
{"as_of": "2026-03-08T22:40:39Z", "trades_7d": 278, "wins_7d": 146, "losses_7d": 91, "win_rate": 52.52, "expectancy_usd": 0.4432, "profit_factor": 13.942, "pnl_7d_usd": 123.1961, "max_drawdown_usd": 1.6529, "semaforo": "VERDE", "reason": "Edge consistente en ventana reciente", "by_ticker": {"SOL": {"count": 20, "pnl": 2.8931590000000003}, "LTC": {"count": 7, "pnl": 1.420002}, "AVAX": {"count": 5, "pnl": 1.9065949999999998}, "ETH": {"count": 22, "pnl": 3.245817999999999}, "SUI": {"count": 16, "pnl": 2.6948880000000006}, "INJ": {"count": 1, "pnl": 0.363036}, "BTC": {"count": 20, "pnl": 1.7066779999999997}, "LINK": {"count": 8, "pnl": 0.30498499999999995}, "GALA": {"count": 1, "pnl": -0.062992}, "BNB": {"count": 9, "pnl": 0.32594999999999996}, "BCH": {"count": 1, "pnl": 0.276452}, "ARB": {"count": 3, "pnl": 0.438668}, "OP": {"count": 12, "pnl": 0.04414899999999995}, "FIL": {"count": 2, "pnl": 0.386639}, "APT": {"count": 2, "pnl": 0.35539}, "UNI": {"count": 2, "pnl": 0.532995}, "DOT": {"count": 1, "pnl": 0.592105}, "ICP": {"count": 3, "pnl": -0.11811}, "AAVE": {"count": 17, "pnl": 0.605931}, "WLD": {"count": 1, "pnl": -0.019481}, "USDC": {"count": 15, "pnl": -0.0041400000000000005}, "DOGE": {"count": 13, "pnl": 0.553537}, "XRP": {"count": 5, "pnl": 0.0}, "NEAR": {"count": 31, "pnl": -0.23068299999999997}, "PEPE": {"count": 31, "pnl": 106.790916}, "FLOW": {"count": 30, "pnl": -1.8063769999999995}}}
[2026-03-08T23:40:39] LEARNING_EXITCODE=0
[2026-03-09T23:40:01] START train_lstm_daily
{"as_of": "2026-03-09T22:40:02.178272+00:00", "ok": true, "sources": [{"symbol": "BTCUSDT", "url": "https://www.cryptodatadownload.com/cdd/Binance_BTCUSDT_d.csv", "rows": 3124, "file": "C:\\Users\\Fernando\\.openclaw\\workspace\\proyectos\\analisis-mercados\\data\\history\\public_ohlcv\\BTCUSDT_d.csv", "ok": true}, {"symbol": "SOLUSDT", "url": "https://www.cryptodatadownload.com/cdd/Binance_SOLUSDT_d.csv", "rows": 2034, "file": "C:\\Users\\Fernando\\.openclaw\\workspace\\proyectos\\analisis-mercados\\data\\history\\public_ohlcv\\SOLUSDT_d.csv", "ok": true}, {"symbol": "ETHUSDT", "url": "https://www.cryptodatadownload.com/cdd/Binance_ETHUSDT_d.csv", "rows": 3124, "file": "C:\\Users\\Fernando\\.openclaw\\workspace\\proyectos\\analisis-mercados\\data\\history\\public_ohlcv\\ETHUSDT_d.csv", "ok": true}]}
[2026-03-09T23:40:04] PUBLIC_OHLCV_EXITCODE=0
{"started_at": "2026-03-09T22:40:05.034363+00:00", "symbols": {"BTCUSDT": {"rows_written": 96, "file": "C:\\Users\\Fernando\\.openclaw\\workspace\\proyectos\\analisis-mercados\\data\\history\\BTCUSDT_15m.csv", "last_open_time": "2026-03-09T22:30:00.001000+00:00"}, "SOLUSDT": {"rows_written": 96, "file": "C:\\Users\\Fernando\\.openclaw\\workspace\\proyectos\\analisis-mercados\\data\\history\\SOLUSDT_15m.csv", "last_open_time": "2026-03-09T22:30:00.001000+00:00"}}, "finished_at": "2026-03-09T22:40:06.953347+00:00"}
[2026-03-09T23:40:06] HISTORY_EXITCODE=0
{"ok": true, "model": "C:\\Users\\Fernando\\.openclaw\\workspace\\proyectos\\analisis-mercados\\models\\lstm_BTCUSDT.pt", "val_mse": 0.00035999}
[2026-03-09T23:40:24] BTC_EXITCODE=0
{"ok": true, "model": "C:\\Users\\Fernando\\.openclaw\\workspace\\proyectos\\analisis-mercados\\models\\lstm_SOLUSDT.pt", "val_mse": 0.00033228}
[2026-03-09T23:40:38] SOL_EXITCODE=0
{"as_of": "2026-03-09T22:40:38.268897+00:00", "source": "C:\\Users\\Fernando\\.openclaw\\workspace\\proyectos\\analisis-mercados\\data\\crypto_orders_sim.json", "rows_raw": 405, "rows_clean": 0, "duplicates_removed": 0, "rows_dropped_nulls": 405, "output": "C:\\Users\\Fernando\\.openclaw\\workspace\\proyectos\\analisis-mercados\\data\\trades_clean.csv"}
[2026-03-09T23:40:38] DATASET_QUALITY_EXITCODE=0
{"ok": true, "rows": 10, "report": "C:\\Users\\Fernando\\.openclaw\\workspace\\proyectos\\analisis-mercados\\reports\\walkforward_report.md"}
[2026-03-09T23:40:38] WALKFORWARD_EXITCODE=0
{"ok": true, "registry": "C:\\Users\\Fernando\\.openclaw\\workspace\\proyectos\\analisis-mercados\\models\\registry.json"}
[2026-03-09T23:40:38] REGISTRY_EXITCODE=0
{"as_of": "2026-03-09T22:40:39Z", "trades_7d": 405, "wins_7d": 240, "losses_7d": 113, "win_rate": 59.26, "expectancy_usd": 0.6918, "profit_factor": 24.199, "pnl_7d_usd": 280.1742, "max_drawdown_usd": 1.6529, "semaforo": "VERDE", "reason": "Edge consistente en ventana reciente", "by_ticker": {"SOL": {"count": 20, "pnl": 2.8931590000000003}, "LTC": {"count": 7, "pnl": 1.420002}, "AVAX": {"count": 5, "pnl": 1.9065949999999998}, "ETH": {"count": 35, "pnl": 3.7355859999999983}, "SUI": {"count": 18, "pnl": 2.763891000000001}, "INJ": {"count": 1, "pnl": 0.363036}, "BTC": {"count": 20, "pnl": 1.7066779999999997}, "LINK": {"count": 8, "pnl": 0.30498499999999995}, "GALA": {"count": 1, "pnl": -0.062992}, "BNB": {"count": 9, "pnl": 0.32594999999999996}, "BCH": {"count": 1, "pnl": 0.276452}, "ARB": {"count": 3, "pnl": 0.438668}, "OP": {"count": 12, "pnl": 0.04414899999999995}, "FIL": {"count": 2, "pnl": 0.386639}, "APT": {"count": 2, "pnl": 0.35539}, "UNI": {"count": 2, "pnl": 0.532995}, "DOT": {"count": 1, "pnl": 0.592105}, "ICP": {"count": 3, "pnl": -0.11811}, "AAVE": {"count": 22, "pnl": 0.7474630000000001}, "WLD": {"count": 1, "pnl": -0.019481}, "USDC": {"count": 16, "pnl": -0.004200000000000001}, "DOGE": {"count": 17, "pnl": 0.6363309999999999}, "XRP": {"count": 5, "pnl": 0.0}, "NEAR": {"count": 49, "pnl": -0.464811}, "PEPE": {"count": 97, "pnl": 260.34772500000025}, "FLOW": {"count": 43, "pnl": 0.9875580000000006}, "TRX": {"count": 5, "pnl": 0.07843900000000001}}}
[2026-03-09T23:40:39] LEARNING_EXITCODE=0
[2026-03-10T23:40:01] START train_lstm_daily
{"as_of": "2026-03-10T22:40:02.164609+00:00", "ok": true, "sources": [{"symbol": "BTCUSDT", "url": "https://www.cryptodatadownload.com/cdd/Binance_BTCUSDT_d.csv", "rows": 3125, "file": "C:\\Users\\Fernando\\.openclaw\\workspace\\proyectos\\analisis-mercados\\data\\history\\public_ohlcv\\BTCUSDT_d.csv", "ok": true}, {"symbol": "SOLUSDT", "url": "https://www.cryptodatadownload.com/cdd/Binance_SOLUSDT_d.csv", "rows": 2035, "file": "C:\\Users\\Fernando\\.openclaw\\workspace\\proyectos\\analisis-mercados\\data\\history\\public_ohlcv\\SOLUSDT_d.csv", "ok": true}, {"symbol": "ETHUSDT", "url": "https://www.cryptodatadownload.com/cdd/Binance_ETHUSDT_d.csv", "rows": 3125, "file": "C:\\Users\\Fernando\\.openclaw\\workspace\\proyectos\\analisis-mercados\\data\\history\\public_ohlcv\\ETHUSDT_d.csv", "ok": true}]}
[2026-03-10T23:40:04] PUBLIC_OHLCV_EXITCODE=0
{"started_at": "2026-03-10T22:40:04.913595+00:00", "symbols": {"BTCUSDT": {"rows_written": 96, "file": "C:\\Users\\Fernando\\.openclaw\\workspace\\proyectos\\analisis-mercados\\data\\history\\BTCUSDT_15m.csv", "last_open_time": "2026-03-10T22:30:00.001000+00:00"}, "SOLUSDT": {"rows_written": 96, "file": "C:\\Users\\Fernando\\.openclaw\\workspace\\proyectos\\analisis-mercados\\data\\history\\SOLUSDT_15m.csv", "last_open_time": "2026-03-10T22:30:00.001000+00:00"}}, "finished_at": "2026-03-10T22:40:06.623770+00:00"}
[2026-03-10T23:40:06] HISTORY_EXITCODE=0
{"ok": true, "model": "C:\\Users\\Fernando\\.openclaw\\workspace\\proyectos\\analisis-mercados\\models\\lstm_BTCUSDT.pt", "val_mse": 6.925e-05}
[2026-03-10T23:40:23] BTC_EXITCODE=0
{"ok": true, "model": "C:\\Users\\Fernando\\.openclaw\\workspace\\proyectos\\analisis-mercados\\models\\lstm_SOLUSDT.pt", "val_mse": 0.00043123}
[2026-03-10T23:40:37] SOL_EXITCODE=0
{"as_of": "2026-03-10T22:40:37.797364+00:00", "source": "C:\\Users\\Fernando\\.openclaw\\workspace\\proyectos\\analisis-mercados\\data\\crypto_orders_sim.json", "rows_raw": 469, "rows_clean": 0, "duplicates_removed": 0, "rows_dropped_nulls": 469, "output": "C:\\Users\\Fernando\\.openclaw\\workspace\\proyectos\\analisis-mercados\\data\\trades_clean.csv"}
[2026-03-10T23:40:37] DATASET_QUALITY_EXITCODE=0
{"ok": true, "rows": 10, "report": "C:\\Users\\Fernando\\.openclaw\\workspace\\proyectos\\analisis-mercados\\reports\\walkforward_report.md"}
[2026-03-10T23:40:38] WALKFORWARD_EXITCODE=0
{"ok": true, "registry": "C:\\Users\\Fernando\\.openclaw\\workspace\\proyectos\\analisis-mercados\\models\\registry.json"}
[2026-03-10T23:40:38] REGISTRY_EXITCODE=0
{"as_of": "2026-03-10T22:40:38Z", "trades_7d": 461, "wins_7d": 269, "losses_7d": 135, "win_rate": 58.35, "expectancy_usd": 0.6335, "profit_factor": 22.556, "pnl_7d_usd": 292.0483, "max_drawdown_usd": 1.6529, "semaforo": "VERDE", "reason": "Edge consistente en ventana reciente", "by_ticker": {"SOL": {"count": 22, "pnl": 2.724901000000001}, "ETH": {"count": 38, "pnl": 2.8436369999999984}, "SUI": {"count": 24, "pnl": 2.8487400000000007}, "INJ": {"count": 1, "pnl": 0.363036}, "BTC": {"count": 26, "pnl": 1.6081959999999997}, "LINK": {"count": 11, "pnl": 0.4367439999999999}, "GALA": {"count": 1, "pnl": -0.062992}, "BNB": {"count": 12, "pnl": 0.350755}, "BCH": {"count": 1, "pnl": 0.276452}, "ARB": {"count": 3, "pnl": 0.438668}, "OP": {"count": 12, "pnl": 0.04414899999999995}, "FIL": {"count": 2, "pnl": 0.386639}, "APT": {"count": 2, "pnl": 0.35539}, "UNI": {"count": 2, "pnl": 0.532995}, "DOT": {"count": 1, "pnl": 0.592105}, "ICP": {"count": 3, "pnl": -0.11811}, "AAVE": {"count": 24, "pnl": 0.7315480000000001}, "WLD": {"count": 1, "pnl": -0.019481}, "USDC": {"count": 17, "pnl": -0.005940000000000001}, "DOGE": {"count": 25, "pnl": 0.6682650000000001}, "XRP": {"count": 8, "pnl": -0.20979}, "NEAR": {"count": 49, "pnl": -0.464811}, "PEPE": {"count": 102, "pnl": 275.5840370000003}, "LTC": {"count": 5, "pnl": 0.01675200000000003}, "FLOW": {"count": 43, "pnl": 0.9875580000000006}, "AVAX": {"count": 7, "pnl": 0.48711899999999997}, "TRX": {"count": 5, "pnl": 0.07843900000000001}, "ADA": {"count": 2, "pnl": 0.175152}, "FET": {"count": 2, "pnl": -0.004575999999999999}, "RENDER": {"count": 10, "pnl": 0.402684}}}
[2026-03-10T23:40:38] LEARNING_EXITCODE=0
